GCASM List File (GCBASIC 0.98.06 2019-06-12 (Windows 32 bit))

Symbols:
A 	EQU 	0
ABDEN 	EQU 	0
ABDOVF 	EQU 	7
ACCESS 	EQU 	0
ACKDT 	EQU 	5
ACKEN 	EQU 	4
ACKSTAT 	EQU 	6
ADCON0 	EQU 	31
ADCON0_GO_DONE 	EQU 	1
ADCON1 	EQU 	159
ADCS0 	EQU 	6
ADCS1 	EQU 	7
ADDEN 	EQU 	3
ADFM 	EQU 	7
ADIE 	EQU 	6
ADIF 	EQU 	6
ADON 	EQU 	0
ADREADPORT 	EQU 	32
ADRESH 	EQU 	30
ADRESL 	EQU 	158
ADTEMP 	EQU 	33
ALLANSEL 	EQU 	392
ALLANSEL_H 	EQU 	393
ANS0 	EQU 	0
ANS1 	EQU 	1
ANS10 	EQU 	2
ANS11 	EQU 	3
ANS12 	EQU 	4
ANS13 	EQU 	5
ANS2 	EQU 	2
ANS3 	EQU 	3
ANS4 	EQU 	4
ANS5 	EQU 	5
ANS6 	EQU 	6
ANS7 	EQU 	7
ANS8 	EQU 	0
ANS9 	EQU 	1
ANSEL 	EQU 	392
ANSELH 	EQU 	393
B 	EQU 	1
BANKED 	EQU 	1
BASPROGRAMEND 	EQU 	47
BASPROGRAMSTART 	EQU 	5
BAUDCTL 	EQU 	391
BCLIE 	EQU 	3
BCLIF 	EQU 	3
BF 	EQU 	0
BLOW_OUT_CANDLE 	EQU 	49
BOT_RESET_MOTORS 	EQU 	97
BOT_RIGHT 	EQU 	104
BRG0 	EQU 	0
BRG1 	EQU 	1
BRG10 	EQU 	2
BRG11 	EQU 	3
BRG12 	EQU 	4
BRG13 	EQU 	5
BRG14 	EQU 	6
BRG15 	EQU 	7
BRG16 	EQU 	3
BRG2 	EQU 	2
BRG3 	EQU 	3
BRG4 	EQU 	4
BRG5 	EQU 	5
BRG6 	EQU 	6
BRG7 	EQU 	7
BRG8 	EQU 	0
BRG9 	EQU 	1
BRGH 	EQU 	2
C 	EQU 	0
C1CH0 	EQU 	0
C1CH1 	EQU 	1
C1IE 	EQU 	5
C1IF 	EQU 	5
C1OE 	EQU 	5
C1ON 	EQU 	7
C1OUT 	EQU 	6
C1POL 	EQU 	4
C1R 	EQU 	2
C1RSEL 	EQU 	5
C1SEN 	EQU 	5
C2CH0 	EQU 	0
C2CH1 	EQU 	1
C2IE 	EQU 	6
C2IF 	EQU 	6
C2OE 	EQU 	5
C2ON 	EQU 	7
C2OUT 	EQU 	6
C2POL 	EQU 	4
C2R 	EQU 	2
C2REN 	EQU 	4
C2RSEL 	EQU 	4
C2SYNC 	EQU 	0
CCP1CON 	EQU 	23
CCP1IE 	EQU 	2
CCP1IF 	EQU 	2
CCP1M0 	EQU 	0
CCP1M1 	EQU 	1
CCP1M2 	EQU 	2
CCP1M3 	EQU 	3
CCP1X 	EQU 	5
CCP1Y 	EQU 	4
CCP2CON 	EQU 	29
CCP2IE 	EQU 	0
CCP2IF 	EQU 	0
CCP2M0 	EQU 	0
CCP2M1 	EQU 	1
CCP2M2 	EQU 	2
CCP2M3 	EQU 	3
CCP2X 	EQU 	5
CCP2Y 	EQU 	4
CCPR1 	EQU 	21
CCPR1H 	EQU 	22
CCPR1L 	EQU 	21
CCPR2 	EQU 	27
CCPR2H 	EQU 	28
CCPR2L 	EQU 	27
CHS0 	EQU 	2
CHS1 	EQU 	3
CHS2 	EQU 	4
CHS3 	EQU 	5
CKE 	EQU 	6
CKP 	EQU 	4
CLS 	EQU 	111
CM1CON0 	EQU 	263
CM2CON0 	EQU 	264
CM2CON1 	EQU 	265
CREN 	EQU 	4
CSRC 	EQU 	7
D 	EQU 	5
D10US_START 	EQU 	125
DATA_ADDRESS 	EQU 	5
DC 	EQU 	1
DC1B0 	EQU 	4
DC1B1 	EQU 	5
DC2B0 	EQU 	4
DC2B1 	EQU 	5
DELAYTEMP 	EQU 	112
DELAYTEMP2 	EQU 	113
DELAYUS0 	EQU 	127
DELAYUS1 	EQU 	198
DELAYUS2 	EQU 	218
DELAY_10US 	EQU 	125
DELAY_MS 	EQU 	133
DMS_INNER 	EQU 	138
DMS_OUTER 	EQU 	136
DMS_START 	EQU 	134
D_A 	EQU 	5
D_NOT_A 	EQU 	5
ECCPAS 	EQU 	156
ECCPAS0 	EQU 	4
ECCPAS1 	EQU 	5
ECCPAS2 	EQU 	6
ECCPASE 	EQU 	7
EEADR 	EQU 	269
EEADRH 	EQU 	271
EECON1 	EQU 	396
EECON2 	EQU 	397
EEDAT 	EQU 	268
EEDATA 	EQU 	268
EEDATH 	EQU 	270
EEIE 	EQU 	4
EEIF 	EQU 	4
EEPGD 	EQU 	7
ENDIF20 	EQU 	329
ENDIF21 	EQU 	329
ENDIF22 	EQU 	329
ENDIF5 	EQU 	372
ENDIF9 	EQU 	355
F 	EQU 	1
FERR 	EQU 	2
FLAME_VALUE 	EQU 	34
FN_LCDREADY 	EQU 	330
FN_READAD16 	EQU 	430
FSR 	EQU 	4
FVREN 	EQU 	0
GCEN 	EQU 	7
GIE 	EQU 	7
GO 	EQU 	1
GO_DONE 	EQU 	1
GO_NOT_DONE 	EQU 	1
HTS 	EQU 	2
I2C_DATA 	EQU 	5
I2C_READ 	EQU 	2
I2C_START 	EQU 	3
I2C_STOP 	EQU 	4
INDF 	EQU 	0
INITLCD 	EQU 	147
INITSYS 	EQU 	233
INTCON 	EQU 	11
INTE 	EQU 	4
INTEDG 	EQU 	6
INTF 	EQU 	1
IOCB 	EQU 	150
IOCB0 	EQU 	0
IOCB1 	EQU 	1
IOCB2 	EQU 	2
IOCB3 	EQU 	3
IOCB4 	EQU 	4
IOCB5 	EQU 	5
IOCB6 	EQU 	6
IOCB7 	EQU 	7
IRCF0 	EQU 	4
IRCF1 	EQU 	5
IRCF2 	EQU 	6
IRP 	EQU 	7
LCDBYTE 	EQU 	35
LCDCOLUMN 	EQU 	36
LCDLINE 	EQU 	37
LCDNORMALWRITEBYTE 	EQU 	262
LCDREADY 	EQU 	38
LCD_STATE 	EQU 	39
LIMIT 	EQU 	40
LIMIT_H 	EQU 	41
LOCATE 	EQU 	363
LTS 	EQU 	1
M1_BACKWARDS 	EQU 	387
M1_RESET 	EQU 	390
M2_FORWARD 	EQU 	393
M2_RESET 	EQU 	396
MC1OUT 	EQU 	7
MC2OUT 	EQU 	6
MSK 	EQU 	147
MSK0 	EQU 	0
MSK1 	EQU 	1
MSK2 	EQU 	2
MSK3 	EQU 	3
MSK4 	EQU 	4
MSK5 	EQU 	5
MSK6 	EQU 	6
MSK7 	EQU 	7
MUL8LOOP 	EQU 	503
NOT_A 	EQU 	5
NOT_ADDRESS 	EQU 	5
NOT_BO 	EQU 	0
NOT_BOR 	EQU 	0
NOT_DONE 	EQU 	1
NOT_PD 	EQU 	3
NOT_POR 	EQU 	1
NOT_RBPU 	EQU 	7
NOT_RC8 	EQU 	6
NOT_T1SYNC 	EQU 	2
NOT_TO 	EQU 	4
NOT_TX8 	EQU 	6
NOT_W 	EQU 	2
NOT_WRITE 	EQU 	2
OERR 	EQU 	1
OPTION_REG 	EQU 	129
OSCCON 	EQU 	143
OSCTUNE 	EQU 	144
OSFIE 	EQU 	7
OSFIF 	EQU 	7
OSTS 	EQU 	3
P 	EQU 	4
P1M0 	EQU 	6
P1M1 	EQU 	7
PCL 	EQU 	2
PCLATH 	EQU 	10
PCON 	EQU 	142
PDC0 	EQU 	0
PDC1 	EQU 	1
PDC2 	EQU 	2
PDC3 	EQU 	3
PDC4 	EQU 	4
PDC5 	EQU 	5
PDC6 	EQU 	6
PEIE 	EQU 	6
PEN 	EQU 	2
PIE1 	EQU 	140
PIE2 	EQU 	141
PIR1 	EQU 	12
PIR2 	EQU 	13
PORTA 	EQU 	5
PORTB 	EQU 	6
PORTC 	EQU 	7
PORTD 	EQU 	8
PORTE 	EQU 	9
PR2 	EQU 	146
PRINT121 	EQU 	399
PRINTLEN 	EQU 	42
PRSEN 	EQU 	7
PS0 	EQU 	0
PS1 	EQU 	1
PS2 	EQU 	2
PSA 	EQU 	3
PSSAC0 	EQU 	2
PSSAC1 	EQU 	3
PSSBD0 	EQU 	0
PSSBD1 	EQU 	1
PSTRCON 	EQU 	157
PULSR 	EQU 	2
PULSS 	EQU 	3
PWM1CON 	EQU 	155
R 	EQU 	2
RA0 	EQU 	0
RA1 	EQU 	1
RA2 	EQU 	2
RA3 	EQU 	3
RA4 	EQU 	4
RA5 	EQU 	5
RA6 	EQU 	6
RA7 	EQU 	7
RB0 	EQU 	0
RB1 	EQU 	1
RB2 	EQU 	2
RB3 	EQU 	3
RB4 	EQU 	4
RB5 	EQU 	5
RB6 	EQU 	6
RB7 	EQU 	7
RBIE 	EQU 	3
RBIF 	EQU 	0
RC0 	EQU 	0
RC1 	EQU 	1
RC2 	EQU 	2
RC3 	EQU 	3
RC4 	EQU 	4
RC5 	EQU 	5
RC6 	EQU 	6
RC7 	EQU 	7
RC8_9 	EQU 	6
RC9 	EQU 	6
RCD8 	EQU 	0
RCEN 	EQU 	3
RCIDL 	EQU 	6
RCIE 	EQU 	5
RCIF 	EQU 	5
RCREG 	EQU 	26
RCSTA 	EQU 	24
RD 	EQU 	0
RD0 	EQU 	0
RD1 	EQU 	1
RD2 	EQU 	2
RD3 	EQU 	3
RD4 	EQU 	4
RD5 	EQU 	5
RD6 	EQU 	6
RD7 	EQU 	7
RE0 	EQU 	0
RE1 	EQU 	1
RE2 	EQU 	2
RE3 	EQU 	3
READAD 	EQU 	43
READ_WRITE 	EQU 	2
RP0 	EQU 	5
RP1 	EQU 	6
RSEN 	EQU 	1
RX9 	EQU 	6
RX9D 	EQU 	0
R_NOT_W 	EQU 	2
R_W 	EQU 	2
S 	EQU 	3
SBOREN 	EQU 	4
SCKP 	EQU 	4
SCLT16TRUE 	EQU 	500
SCS 	EQU 	0
SEN 	EQU 	0
SENDB 	EQU 	3
SMP 	EQU 	7
SPBRG 	EQU 	153
SPBRGH 	EQU 	154
SPEN 	EQU 	7
SR0 	EQU 	6
SR1 	EQU 	7
SRCON 	EQU 	389
SREN 	EQU 	5
SSPADD 	EQU 	147
SSPBUF 	EQU 	19
SSPCON 	EQU 	20
SSPCON2 	EQU 	145
SSPEN 	EQU 	5
SSPIE 	EQU 	3
SSPIF 	EQU 	3
SSPM0 	EQU 	0
SSPM1 	EQU 	1
SSPM2 	EQU 	2
SSPM3 	EQU 	3
SSPMSK 	EQU 	147
SSPMSK_MSK0 	EQU 	0
SSPMSK_MSK1 	EQU 	1
SSPMSK_MSK2 	EQU 	2
SSPMSK_MSK3 	EQU 	3
SSPMSK_MSK4 	EQU 	4
SSPMSK_MSK5 	EQU 	5
SSPMSK_MSK6 	EQU 	6
SSPMSK_MSK7 	EQU 	7
SSPOV 	EQU 	6
SSPSTAT 	EQU 	148
STATUS 	EQU 	3
STRA 	EQU 	0
STRB 	EQU 	1
STRC 	EQU 	2
STRD 	EQU 	3
STRINGPOINTER 	EQU 	44
STRINGTABLE1 	EQU 	549
STRINGTABLE2 	EQU 	567
STRSYNC 	EQU 	4
SWDTEN 	EQU 	0
SYNC 	EQU 	4
SYSBYTETEMPA 	EQU 	117
SYSBYTETEMPB 	EQU 	121
SYSBYTETEMPX 	EQU 	112
SYSCALCTEMPA 	EQU 	117
SYSCOMPLESSTHAN16 	EQU 	487
SYSDOLOOP_E1 	EQU 	46
SYSDOLOOP_E2 	EQU 	76
SYSDOLOOP_E3 	EQU 	450
SYSDOLOOP_S1 	EQU 	15
SYSDOLOOP_S2 	EQU 	56
SYSDOLOOP_S3 	EQU 	442
SYSFORLOOP1 	EQU 	415
SYSFORLOOPEND1 	EQU 	429
SYSLCDTEMP 	EQU 	45
SYSMULTSUB 	EQU 	502
SYSPRINTDATAHANDLER 	EQU 	46
SYSPRINTDATAHANDLER_H 	EQU 	47
SYSPRINTTEMP 	EQU 	48
SYSREADADBYTE 	EQU 	43
SYSREADSTRING 	EQU 	514
SYSREADSTRINGPART 	EQU 	524
SYSREPEATLOOP1 	EQU 	192
SYSREPEATLOOPEND1 	EQU 	202
SYSREPEATTEMP1 	EQU 	49
SYSSTRINGA 	EQU 	119
SYSSTRINGA_H 	EQU 	120
SYSSTRINGB 	EQU 	114
SYSSTRINGB_H 	EQU 	115
SYSSTRINGLENGTH 	EQU 	118
SYSSTRINGPARAM1 	EQU 	478
SYSSTRINGPARAM2 	EQU 	460
SYSSTRINGREAD 	EQU 	536
SYSSTRINGREADCHECK 	EQU 	533
SYSSTRINGTABLES 	EQU 	542
SYSTEMP1 	EQU 	50
SYSWAITLOOP1 	EQU 	470
SYSWAITLOOP2 	EQU 	158
SYSWAITLOOP3 	EQU 	262
SYSWAITTEMP10US 	EQU 	117
SYSWAITTEMPMS 	EQU 	114
SYSWAITTEMPMS_H 	EQU 	115
SYSWAITTEMPUS 	EQU 	117
SYSWAITTEMPUS_H 	EQU 	118
SYSWORDTEMPA 	EQU 	117
SYSWORDTEMPA_H 	EQU 	118
SYSWORDTEMPB 	EQU 	121
SYSWORDTEMPB_H 	EQU 	122
T0CS 	EQU 	5
T0IE 	EQU 	5
T0IF 	EQU 	2
T0SE 	EQU 	4
T1CKPS0 	EQU 	4
T1CKPS1 	EQU 	5
T1CON 	EQU 	16
T1GINV 	EQU 	7
T1GIV 	EQU 	7
T1GSS 	EQU 	1
T1INSYNC 	EQU 	2
T1OSCEN 	EQU 	3
T1SYNC 	EQU 	2
T2CKPS0 	EQU 	0
T2CKPS1 	EQU 	1
T2CON 	EQU 	18
TIME1 	EQU 	51
TIME1_H 	EQU 	52
TMR0 	EQU 	1
TMR0IE 	EQU 	5
TMR0IF 	EQU 	2
TMR1 	EQU 	14
TMR1CS 	EQU 	1
TMR1GE 	EQU 	6
TMR1H 	EQU 	15
TMR1IE 	EQU 	0
TMR1IF 	EQU 	0
TMR1L 	EQU 	14
TMR1ON 	EQU 	0
TMR2 	EQU 	17
TMR2IE 	EQU 	1
TMR2IF 	EQU 	1
TMR2ON 	EQU 	2
TOUTPS0 	EQU 	3
TOUTPS1 	EQU 	4
TOUTPS2 	EQU 	5
TOUTPS3 	EQU 	6
TRISA 	EQU 	133
TRISA0 	EQU 	0
TRISA1 	EQU 	1
TRISA2 	EQU 	2
TRISA3 	EQU 	3
TRISA4 	EQU 	4
TRISA5 	EQU 	5
TRISA6 	EQU 	6
TRISA7 	EQU 	7
TRISB 	EQU 	134
TRISB0 	EQU 	0
TRISB1 	EQU 	1
TRISB2 	EQU 	2
TRISB3 	EQU 	3
TRISB4 	EQU 	4
TRISB5 	EQU 	5
TRISB6 	EQU 	6
TRISB7 	EQU 	7
TRISC 	EQU 	135
TRISC0 	EQU 	0
TRISC1 	EQU 	1
TRISC2 	EQU 	2
TRISC3 	EQU 	3
TRISC4 	EQU 	4
TRISC5 	EQU 	5
TRISC6 	EQU 	6
TRISC7 	EQU 	7
TRISD 	EQU 	136
TRISD0 	EQU 	0
TRISD1 	EQU 	1
TRISD2 	EQU 	2
TRISD3 	EQU 	3
TRISD4 	EQU 	4
TRISD5 	EQU 	5
TRISD6 	EQU 	6
TRISD7 	EQU 	7
TRISE 	EQU 	137
TRISE0 	EQU 	0
TRISE1 	EQU 	1
TRISE2 	EQU 	2
TRISE3 	EQU 	3
TRMT 	EQU 	1
TUN0 	EQU 	0
TUN1 	EQU 	1
TUN2 	EQU 	2
TUN3 	EQU 	3
TUN4 	EQU 	4
TX8_9 	EQU 	6
TX9 	EQU 	6
TX9D 	EQU 	0
TXD8 	EQU 	0
TXEN 	EQU 	5
TXIE 	EQU 	4
TXIF 	EQU 	4
TXREG 	EQU 	25
TXSTA 	EQU 	152
UA 	EQU 	1
ULPWUE 	EQU 	5
ULPWUIE 	EQU 	2
ULPWUIF 	EQU 	2
VCFG0 	EQU 	4
VCFG1 	EQU 	5
VR0 	EQU 	0
VR1 	EQU 	1
VR2 	EQU 	2
VR3 	EQU 	3
VRCON 	EQU 	151
VREN 	EQU 	7
VROE 	EQU 	6
VRR 	EQU 	5
VRSS 	EQU 	4
W 	EQU 	0
WCOL 	EQU 	7
WDTCON 	EQU 	261
WDTPS0 	EQU 	1
WDTPS1 	EQU 	2
WDTPS2 	EQU 	3
WDTPS3 	EQU 	4
WPUB 	EQU 	149
WPUB0 	EQU 	0
WPUB1 	EQU 	1
WPUB2 	EQU 	2
WPUB3 	EQU 	3
WPUB4 	EQU 	4
WPUB5 	EQU 	5
WPUB6 	EQU 	6
WPUB7 	EQU 	7
WR 	EQU 	1
WREN 	EQU 	2
WRERR 	EQU 	3
WUE 	EQU 	1
Z 	EQU 	2

Code:
Loc	Obj Code	Original Assembly















































000000	118A	PAGESEL BASPROGRAMSTART
000000	118A 120A	PAGESEL BASPROGRAMSTART
000002	2805	GOTO BASPROGRAMSTART

000004	0009	RETFIE



		BASPROGRAMSTART
000005	20E9	CALL INITSYS
000006	2093	CALL INITLCD
000000	1683	BANKSEL TRISB
000000	1683 1303	BANKSEL TRISB
000009	1186	BCF TRISB,3

00000A	1286	BCF TRISB,5
00000B	1006	BCF TRISB,0
00000C	1086	BCF TRISB,1
00000D	1106	BCF TRISB,2
00000E	1106	BCF TRISB,2
		SYSDOLOOP_S1
00000F	30C8	MOVLW 200
000000	1283	BANKSEL LIMIT
000000	1283 1303	BANKSEL LIMIT
000012	00A8	MOVWF LIMIT
000013	01A9	CLRF LIMIT_H
000014	2031	CALL BLOW_OUT_CANDLE
000015	206F	CALL CLS
000016	3001	MOVLW 1
000017	00A5	MOVWF LCDLINE
000018	01A4	CLRF LCDCOLUMN
000019	216B	CALL LOCATE
00001A	30DE	MOVLW LOW SYSSTRINGPARAM1
00001B	00F2	MOVWF SYSSTRINGB
00001C	3001	MOVLW HIGH SYSSTRINGPARAM1
00001D	00F3	MOVWF SYSSTRINGB_H
00001E	3037	MOVLW LOW STRINGTABLE2
00001F	00F7	MOVWF SYSSTRINGA
000020	3002	MOVLW HIGH STRINGTABLE2
000021	00F8	MOVWF SYSSTRINGA_H
000022	2202	CALL SYSREADSTRING
000023	30DE	MOVLW LOW SYSSTRINGPARAM1
000024	00AE	MOVWF SYSPRINTDATAHANDLER
000025	3001	MOVLW HIGH SYSSTRINGPARAM1
000026	00AF	MOVWF SYSPRINTDATAHANDLER_H
000027	218F	CALL PRINT121
000028	30F1	MOVLW 241
000029	00F2	MOVWF SYSWAITTEMPMS
00002A	3003	MOVLW 3
00002B	00F3	MOVWF SYSWAITTEMPMS_H
00002C	2085	CALL DELAY_MS
00002D	280F	GOTO SYSDOLOOP_S1
		SYSDOLOOP_E1
00002E	282F	GOTO BASPROGRAMEND
		BASPROGRAMEND
00002F	0063	SLEEP
000030	282F	GOTO BASPROGRAMEND


		BLOW_OUT_CANDLE
000031	01B3	CLRF TIME1
000032	01B4	CLRF TIME1_H
000033	2068	CALL BOT_RIGHT
000034	01A0	CLRF ADREADPORT
000035	21AE	CALL FN_READAD16
000036	082B	MOVF SYSREADADBYTE,W
000037	00A2	MOVWF FLAME_VALUE
		SYSDOLOOP_S2
000038	0822	MOVF FLAME_VALUE,W
000039	00F5	MOVWF SYSWORDTEMPA
00003A	01F6	CLRF SYSWORDTEMPA_H
00003B	0828	MOVF LIMIT,W
00003C	00F9	MOVWF SYSWORDTEMPB
00003D	0829	MOVF LIMIT_H,W
00003E	00FA	MOVWF SYSWORDTEMPB_H
00003F	21E7	CALL SYSCOMPLESSTHAN16
000040	1870	BTFSC SYSBYTETEMPX,0
000041	284C	GOTO SYSDOLOOP_E2
000042	01A0	CLRF ADREADPORT
000043	21AE	CALL FN_READAD16
000044	082B	MOVF SYSREADADBYTE,W
000045	00A2	MOVWF FLAME_VALUE
000046	3090	MOVLW 144
000047	00F2	MOVWF SYSWAITTEMPMS
000048	3001	MOVLW 1
000049	00F3	MOVWF SYSWAITTEMPMS_H
00004A	2085	CALL DELAY_MS
00004B	2838	GOTO SYSDOLOOP_S2
		SYSDOLOOP_E2
00004C	01B3	CLRF TIME1
00004D	01B4	CLRF TIME1_H
00004E	2061	CALL BOT_RESET_MOTORS
00004F	01A5	CLRF LCDLINE
000050	01A4	CLRF LCDCOLUMN
000051	216B	CALL LOCATE
000052	30CC	MOVLW LOW SYSSTRINGPARAM2
000053	00F2	MOVWF SYSSTRINGB
000054	3001	MOVLW HIGH SYSSTRINGPARAM2
000055	00F3	MOVWF SYSSTRINGB_H
000056	3025	MOVLW LOW STRINGTABLE1
000057	00F7	MOVWF SYSSTRINGA
000058	3002	MOVLW HIGH STRINGTABLE1
000059	00F8	MOVWF SYSSTRINGA_H
00005A	2202	CALL SYSREADSTRING
00005B	30CC	MOVLW LOW SYSSTRINGPARAM2
00005C	00AE	MOVWF SYSPRINTDATAHANDLER
00005D	3001	MOVLW HIGH SYSSTRINGPARAM2
00005E	00AF	MOVWF SYSPRINTDATAHANDLER_H
00005F	218F	CALL PRINT121
000060	0008	RETURN


		BOT_RESET_MOTORS
000061	2186	CALL M1_RESET
000062	218C	CALL M2_RESET
000063	0833	MOVF TIME1,W
000064	00F2	MOVWF SYSWAITTEMPMS
000065	0834	MOVF TIME1_H,W
000066	00F3	MOVWF SYSWAITTEMPMS_H
000067	2885	GOTO DELAY_MS


		BOT_RIGHT
000068	2183	CALL M1_BACKWARDS
000069	2189	CALL M2_FORWARD
00006A	0833	MOVF TIME1,W
00006B	00F2	MOVWF SYSWAITTEMPMS
00006C	0834	MOVF TIME1_H,W
00006D	00F3	MOVWF SYSWAITTEMPMS_H
00006E	2885	GOTO DELAY_MS


		CLS
00006F	1008	BCF PORTD,0
000070	3001	MOVLW 1
000071	00A3	MOVWF LCDBYTE
000072	2106	CALL LCDNORMALWRITEBYTE
000073	3004	MOVLW 4
000074	00F2	MOVWF SYSWAITTEMPMS
000075	01F3	CLRF SYSWAITTEMPMS_H
000076	2085	CALL DELAY_MS
000077	3080	MOVLW 128
000078	00A3	MOVWF LCDBYTE
000079	2106	CALL LCDNORMALWRITEBYTE
00007A	300C	MOVLW 12
00007B	00F5	MOVWF SYSWAITTEMP10US
00007C	287D	GOTO DELAY_10US


		DELAY_10US
		D10US_START
00007D	3005	MOVLW 5
00007E	00F0	MOVWF DELAYTEMP
		DELAYUS0
00007F	0BF0	DECFSZ DELAYTEMP,F
000080	287F	GOTO DELAYUS0
000081	0000	NOP
000082	0BF5	DECFSZ SYSWAITTEMP10US, F
000083	287D	GOTO D10US_START
000084	0008	RETURN


		DELAY_MS
000085	0AF3	INCF SYSWAITTEMPMS_H, F
		DMS_START
000086	3004	MOVLW 4
000087	00F1	MOVWF DELAYTEMP2
		DMS_OUTER
000088	30A5	MOVLW 165
000089	00F0	MOVWF DELAYTEMP
		DMS_INNER
00008A	0BF0	DECFSZ DELAYTEMP, F
00008B	288A	GOTO DMS_INNER
00008C	0BF1	DECFSZ DELAYTEMP2, F
00008D	2888	GOTO DMS_OUTER
00008E	0BF2	DECFSZ SYSWAITTEMPMS, F
00008F	2886	GOTO DMS_START
000090	0BF3	DECFSZ SYSWAITTEMPMS_H, F
000091	2886	GOTO DMS_START
000092	0008	RETURN


		INITLCD
000000	1683	BANKSEL TRISD
000000	1683 1303	BANKSEL TRISD
000095	1008	BCF TRISD,0
000096	1108	BCF TRISD,2
000097	1088	BCF TRISD,1
000098	300A	MOVLW 10
000099	00F2	MOVWF SYSWAITTEMPMS
00009A	01F3	CLRF SYSWAITTEMPMS_H
000000	1283	BANKSEL STATUS
000000	1283 1303	BANKSEL STATUS
00009D	2085	CALL DELAY_MS
		SYSWAITLOOP2
00009E	214A	CALL FN_LCDREADY
00009F	08A6	MOVF LCDREADY,F
0000A0	1903	BTFSC STATUS,Z
0000A1	289E	GOTO SYSWAITLOOP2
0000A2	1008	BCF PORTD,0
000000	1683	BANKSEL TRISD
000000	1683 1303	BANKSEL TRISD
0000A5	1208	BCF TRISD,4
0000A6	1288	BCF TRISD,5
0000A7	1308	BCF TRISD,6
0000A8	1388	BCF TRISD,7
000000	1283	BANKSEL PORTD
000000	1283 1303	BANKSEL PORTD
0000AB	1088	BCF PORTD,1
0000AC	300F	MOVLW 15
0000AD	00F2	MOVWF SYSWAITTEMPMS
0000AE	01F3	CLRF SYSWAITTEMPMS_H
0000AF	2085	CALL DELAY_MS
0000B0	1608	BSF PORTD,4
0000B1	1688	BSF PORTD,5
0000B2	1308	BCF PORTD,6
0000B3	1388	BCF PORTD,7
0000B4	28B5	GOTO $+1
0000B5	28B6	GOTO $+1
0000B6	1508	BSF PORTD,2
0000B7	28B8	GOTO $+1
0000B8	28B9	GOTO $+1
0000B9	1108	BCF PORTD,2
0000BA	3005	MOVLW 5
0000BB	00F2	MOVWF SYSWAITTEMPMS
0000BC	01F3	CLRF SYSWAITTEMPMS_H
0000BD	2085	CALL DELAY_MS
0000BE	3003	MOVLW 3
0000BF	00B1	MOVWF SYSREPEATTEMP1
		SYSREPEATLOOP1
0000C0	1508	BSF PORTD,2
0000C1	28C2	GOTO $+1
0000C2	28C3	GOTO $+1
0000C3	1108	BCF PORTD,2
0000C4	3085	MOVLW 133
0000C5	00F0	MOVWF DELAYTEMP
		DELAYUS1
0000C6	0BF0	DECFSZ DELAYTEMP,F
0000C7	28C6	GOTO DELAYUS1
0000C8	0BB1	DECFSZ SYSREPEATTEMP1,F
0000C9	28C0	GOTO SYSREPEATLOOP1
		SYSREPEATLOOPEND1
0000CA	3005	MOVLW 5
0000CB	00F2	MOVWF SYSWAITTEMPMS
0000CC	01F3	CLRF SYSWAITTEMPMS_H
0000CD	2085	CALL DELAY_MS
0000CE	1208	BCF PORTD,4
0000CF	1688	BSF PORTD,5
0000D0	1308	BCF PORTD,6
0000D1	1388	BCF PORTD,7
0000D2	28D3	GOTO $+1
0000D3	28D4	GOTO $+1
0000D4	1508	BSF PORTD,2
0000D5	28D6	GOTO $+1
0000D6	28D7	GOTO $+1
0000D7	1108	BCF PORTD,2
0000D8	3021	MOVLW 33
0000D9	00F0	MOVWF DELAYTEMP
		DELAYUS2
0000DA	0BF0	DECFSZ DELAYTEMP,F
0000DB	28DA	GOTO DELAYUS2
0000DC	3028	MOVLW 40
0000DD	00A3	MOVWF LCDBYTE
0000DE	2106	CALL LCDNORMALWRITEBYTE
0000DF	3006	MOVLW 6
0000E0	00A3	MOVWF LCDBYTE
0000E1	2106	CALL LCDNORMALWRITEBYTE
0000E2	300C	MOVLW 12
0000E3	00A3	MOVWF LCDBYTE
0000E4	2106	CALL LCDNORMALWRITEBYTE
0000E5	206F	CALL CLS
0000E6	300C	MOVLW 12
0000E7	00A7	MOVWF LCD_STATE
0000E8	0008	RETURN


		INITSYS
0000E9	3070	MOVLW 112
000000	1683	BANKSEL OSCCON
000000	1683 1303	BANKSEL OSCCON
0000EC	048F	IORWF OSCCON,F
0000ED	308F	MOVLW 143
0000EE	058F	ANDWF OSCCON,F
0000EF	170F	BSF OSCCON,IRCF2
0000F0	168F	BSF OSCCON,IRCF1
0000F1	160F	BSF OSCCON,IRCF0
0000F2	139F	BCF ADCON1,ADFM
000000	1283	BANKSEL ADCON0
000000	1283 1303	BANKSEL ADCON0
0000F5	101F	BCF ADCON0,ADON
000000	1683	BANKSEL ANSEL
000000	1683 1703	BANKSEL ANSEL
0000F8	0188	CLRF ANSEL
0000F9	0189	CLRF ANSELH
000000	1283	BANKSEL CM2CON0
000000	1283 1703	BANKSEL CM2CON0
0000FC	1388	BCF CM2CON0,C2ON
0000FD	1387	BCF CM1CON0,C1ON
000000	1283	BANKSEL PORTA
000000	1283 1303	BANKSEL PORTA
000100	0185	CLRF PORTA
000101	0186	CLRF PORTB
000102	0187	CLRF PORTC
000103	0188	CLRF PORTD
000104	0189	CLRF PORTE
000105	0008	RETURN


		LCDNORMALWRITEBYTE
		SYSWAITLOOP3
000106	214A	CALL FN_LCDREADY
000107	08A6	MOVF LCDREADY,F
000108	1903	BTFSC STATUS,Z
000109	2906	GOTO SYSWAITLOOP3
00010A	1088	BCF PORTD,1
000000	1683	BANKSEL TRISD
000000	1683 1303	BANKSEL TRISD
00010D	1208	BCF TRISD,4
00010E	1288	BCF TRISD,5
00010F	1308	BCF TRISD,6
000110	1388	BCF TRISD,7
000000	1283	BANKSEL PORTD
000000	1283 1303	BANKSEL PORTD
000113	1208	BCF PORTD,4
000114	1288	BCF PORTD,5
000115	1308	BCF PORTD,6
000116	1388	BCF PORTD,7
000117	1BA3	BTFSC LCDBYTE,7
000118	1788	BSF PORTD,7
000119	1B23	BTFSC LCDBYTE,6
00011A	1708	BSF PORTD,6
00011B	1AA3	BTFSC LCDBYTE,5
00011C	1688	BSF PORTD,5
00011D	1A23	BTFSC LCDBYTE,4
00011E	1608	BSF PORTD,4
00011F	2920	GOTO $+1
000120	1508	BSF PORTD,2
000121	2922	GOTO $+1
000122	2923	GOTO $+1
000123	1108	BCF PORTD,2
000124	2925	GOTO $+1
000125	2926	GOTO $+1
000126	1208	BCF PORTD,4
000127	1288	BCF PORTD,5
000128	1308	BCF PORTD,6
000129	1388	BCF PORTD,7
00012A	19A3	BTFSC LCDBYTE,3
00012B	1788	BSF PORTD,7
00012C	1923	BTFSC LCDBYTE,2
00012D	1708	BSF PORTD,6
00012E	18A3	BTFSC LCDBYTE,1
00012F	1688	BSF PORTD,5
000130	1823	BTFSC LCDBYTE,0
000131	1608	BSF PORTD,4
000132	2933	GOTO $+1
000133	1508	BSF PORTD,2
000134	2935	GOTO $+1
000135	2936	GOTO $+1
000136	1108	BCF PORTD,2
000137	2938	GOTO $+1
000138	2939	GOTO $+1
000139	1388	BCF PORTD,7
00013A	1308	BCF PORTD,6
00013B	1288	BCF PORTD,5
00013C	1208	BCF PORTD,4
00013D	1808	BTFSC PORTD,0
00013E	2949	GOTO ENDIF20
00013F	3010	MOVLW 16
000140	0223	SUBWF LCDBYTE,W
000141	1803	BTFSC STATUS, C
000142	2949	GOTO ENDIF21
000143	0823	MOVF LCDBYTE,W
000144	3C07	SUBLW 7
000145	1803	BTFSC STATUS, C
000146	2949	GOTO ENDIF22
000147	0823	MOVF LCDBYTE,W
000148	00A7	MOVWF LCD_STATE
		ENDIF22
		ENDIF21
		ENDIF20
000149	0008	RETURN


		FN_LCDREADY
00014A	01A6	CLRF LCDREADY
00014B	112D	BCF SYSLCDTEMP,2
00014C	1808	BTFSC PORTD,0
00014D	152D	BSF SYSLCDTEMP,2
00014E	1488	BSF PORTD,1
00014F	3005	MOVLW 5
000150	00F5	MOVWF SYSWAITTEMP10US
000151	207D	CALL DELAY_10US
000152	1008	BCF PORTD,0
000153	3005	MOVLW 5
000154	00F5	MOVWF SYSWAITTEMP10US
000155	207D	CALL DELAY_10US
000156	1508	BSF PORTD,2
000157	3005	MOVLW 5
000158	00F5	MOVWF SYSWAITTEMP10US
000159	207D	CALL DELAY_10US
000000	1683	BANKSEL TRISD
000000	1683 1303	BANKSEL TRISD
00015C	1788	BSF TRISD,7
000000	1283	BANKSEL PORTD
000000	1283 1303	BANKSEL PORTD
00015F	1B88	BTFSC PORTD,7
000160	2963	GOTO ENDIF9
000161	30FF	MOVLW 255
000162	00A6	MOVWF LCDREADY
		ENDIF9
000163	1108	BCF PORTD,2
000164	3019	MOVLW 25
000165	00F5	MOVWF SYSWAITTEMP10US
000166	207D	CALL DELAY_10US
000167	1008	BCF PORTD,0
000168	192D	BTFSC SYSLCDTEMP,2
000169	1408	BSF PORTD,0
00016A	0008	RETURN


		LOCATE
00016B	1008	BCF PORTD,0
00016C	0825	MOVF LCDLINE,W
00016D	3C01	SUBLW 1
00016E	1803	BTFSC STATUS, C
00016F	2974	GOTO ENDIF5
000170	3002	MOVLW 2
000171	02A5	SUBWF LCDLINE,F
000172	3014	MOVLW 20
000173	07A4	ADDWF LCDCOLUMN,F
		ENDIF5
000174	0825	MOVF LCDLINE,W
000175	00F5	MOVWF SYSBYTETEMPA
000176	3040	MOVLW 64
000177	00F9	MOVWF SYSBYTETEMPB
000178	21F6	CALL SYSMULTSUB
000179	0824	MOVF LCDCOLUMN,W
00017A	0770	ADDWF SYSBYTETEMPX,W
00017B	00B2	MOVWF SYSTEMP1
00017C	3080	MOVLW 128
00017D	0432	IORWF SYSTEMP1,W
00017E	00A3	MOVWF LCDBYTE
00017F	2106	CALL LCDNORMALWRITEBYTE
000180	3005	MOVLW 5
000181	00F5	MOVWF SYSWAITTEMP10US
000182	287D	GOTO DELAY_10US


		M1_BACKWARDS
000183	1006	BCF PORTB,0
000184	1486	BSF PORTB,1
000185	0008	RETURN


		M1_RESET
000186	1006	BCF PORTB,0
000187	1086	BCF PORTB,1
000188	0008	RETURN


		M2_FORWARD
000189	1506	BSF PORTB,2
00018A	1186	BCF PORTB,3
00018B	0008	RETURN


		M2_RESET
00018C	1106	BCF PORTB,2
00018D	1186	BCF PORTB,3
00018E	0008	RETURN


		PRINT121
00018F	082E	MOVF SYSPRINTDATAHANDLER,W
000190	0084	MOVWF FSR
000191	1383	BCF STATUS, IRP
000192	182F	BTFSC SYSPRINTDATAHANDLER_H,0
000193	1783	BSF STATUS, IRP
000194	0800	MOVF INDF,W
000195	00AA	MOVWF PRINTLEN
000196	08AA	MOVF PRINTLEN,F
000197	1903	BTFSC STATUS, Z
000198	0008	RETURN
000199	1408	BSF PORTD,0
00019A	01B0	CLRF SYSPRINTTEMP
00019B	3001	MOVLW 1
00019C	022A	SUBWF PRINTLEN,W
00019D	1C03	BTFSS STATUS, C
00019E	29AD	GOTO SYSFORLOOPEND1
		SYSFORLOOP1
00019F	0AB0	INCF SYSPRINTTEMP,F
0001A0	0830	MOVF SYSPRINTTEMP,W
0001A1	072E	ADDWF SYSPRINTDATAHANDLER,W
0001A2	0084	MOVWF FSR
0001A3	1383	BCF STATUS, IRP
0001A4	182F	BTFSC SYSPRINTDATAHANDLER_H,0
0001A5	1783	BSF STATUS, IRP
0001A6	0800	MOVF INDF,W
0001A7	00A3	MOVWF LCDBYTE
0001A8	2106	CALL LCDNORMALWRITEBYTE
0001A9	082A	MOVF PRINTLEN,W
0001AA	0230	SUBWF SYSPRINTTEMP,W
0001AB	1C03	BTFSS STATUS, C
0001AC	299F	GOTO SYSFORLOOP1
		SYSFORLOOPEND1
0001AD	0008	RETURN


		FN_READAD16
000000	1683	BANKSEL ADCON1
000000	1683 1303	BANKSEL ADCON1
0001B0	139F	BCF ADCON1,ADFM
000000	1683	BANKSEL ALLANSEL
000000	1683 1703	BANKSEL ALLANSEL
0001B3	0188	CLRF ALLANSEL
0001B4	0189	CLRF ALLANSEL_H
000000	1283	BANKSEL ADREADPORT
000000	1283 1303	BANKSEL ADREADPORT
0001B7	0A20	INCF ADREADPORT,W
0001B8	00A1	MOVWF ADTEMP
0001B9	1403	BSF STATUS,C
		SYSDOLOOP_S3
000000	1683	BANKSEL ALLANSEL
000000	1683 1703	BANKSEL ALLANSEL
0001BC	0D88	RLF ALLANSEL,F
0001BD	0D89	RLF ALLANSEL_H,F
000000	1283	BANKSEL ADTEMP
000000	1283 1303	BANKSEL ADTEMP
0001C0	0BA1	DECFSZ ADTEMP,F
0001C1	29BA	GOTO SYSDOLOOP_S3
		SYSDOLOOP_E3
0001C2	139F	BCF ADCON0,ADCS1
0001C3	171F	BSF ADCON0,ADCS0
0001C4	111F	BCF ADCON0,CHS0
0001C5	119F	BCF ADCON0,CHS1
0001C6	121F	BCF ADCON0,CHS2
0001C7	129F	BCF ADCON0,CHS3
0001C8	1820	BTFSC ADREADPORT,0
0001C9	151F	BSF ADCON0,CHS0
0001CA	18A0	BTFSC ADREADPORT,1
0001CB	159F	BSF ADCON0,CHS1
0001CC	1920	BTFSC ADREADPORT,2
0001CD	161F	BSF ADCON0,CHS2
0001CE	19A0	BTFSC ADREADPORT,3
0001CF	169F	BSF ADCON0,CHS3
0001D0	141F	BSF ADCON0,ADON
0001D1	3002	MOVLW 2
0001D2	00F5	MOVWF SYSWAITTEMP10US
0001D3	207D	CALL DELAY_10US
0001D4	149F	BSF ADCON0,GO_NOT_DONE
0001D5	0000	NOP
		SYSWAITLOOP1
0001D6	189F	BTFSC ADCON0,GO_NOT_DONE
0001D7	29D6	GOTO SYSWAITLOOP1
0001D8	101F	BCF ADCON0,ADON
000000	1683	BANKSEL ANSEL
000000	1683 1703	BANKSEL ANSEL
0001DB	0188	CLRF ANSEL
0001DC	0189	CLRF ANSELH
000000	1283	BANKSEL ADRESH
000000	1283 1303	BANKSEL ADRESH
0001DF	081E	MOVF ADRESH,W
0001E0	00AB	MOVWF READAD
000000	1683	BANKSEL ADCON1
000000	1683 1303	BANKSEL ADCON1
0001E3	139F	BCF ADCON1,ADFM
000000	1283	BANKSEL STATUS
000000	1283 1303	BANKSEL STATUS
0001E6	0008	RETURN


		SYSCOMPLESSTHAN16
0001E7	01F0	CLRF SYSBYTETEMPX
0001E8	0876	MOVF SYSWORDTEMPA_H,W
0001E9	027A	SUBWF SYSWORDTEMPB_H,W
0001EA	1C03	BTFSS STATUS,C
0001EB	0008	RETURN
0001EC	087A	MOVF SYSWORDTEMPB_H,W
0001ED	0276	SUBWF SYSWORDTEMPA_H,W
0001EE	1C03	BTFSS STATUS,C
0001EF	29F4	GOTO SCLT16TRUE
0001F0	0879	MOVF SYSWORDTEMPB,W
0001F1	0275	SUBWF SYSWORDTEMPA,W
0001F2	1803	BTFSC STATUS,C
0001F3	0008	RETURN
		SCLT16TRUE
0001F4	09F0	COMF SYSBYTETEMPX,F
0001F5	0008	RETURN


		SYSMULTSUB
0001F6	01F0	CLRF SYSBYTETEMPX
		MUL8LOOP
0001F7	0875	MOVF SYSBYTETEMPA, W
0001F8	1879	BTFSC SYSBYTETEMPB, 0
0001F9	07F0	ADDWF SYSBYTETEMPX, F
0001FA	1003	BCF STATUS, C
0001FB	0CF9	RRF SYSBYTETEMPB, F
0001FC	1003	BCF STATUS, C
0001FD	0DF5	RLF SYSBYTETEMPA, F
0001FE	08F9	MOVF SYSBYTETEMPB, F
0001FF	1D03	BTFSS STATUS, Z
000200	29F7	GOTO MUL8LOOP
000201	0008	RETURN


		SYSREADSTRING
000202	0872	MOVF SYSSTRINGB, W
000203	0084	MOVWF FSR
000204	1383	BCF STATUS, IRP
000205	1873	BTFSC SYSSTRINGB_H, 0
000206	1783	BSF STATUS, IRP
000207	221E	CALL SYSSTRINGTABLES
000208	00F5	MOVWF SYSCALCTEMPA
000209	0080	MOVWF INDF
00020A	07F2	ADDWF SYSSTRINGB, F
00020B	2A15	GOTO SYSSTRINGREADCHECK
		SYSREADSTRINGPART
00020C	0872	MOVF SYSSTRINGB, W
00020D	0084	MOVWF FSR
00020E	1383	BCF STATUS, IRP
00020F	1873	BTFSC SYSSTRINGB_H, 0
000210	1783	BSF STATUS, IRP
000211	221E	CALL SYSSTRINGTABLES
000212	00F5	MOVWF SYSCALCTEMPA
000213	07F6	ADDWF SYSSTRINGLENGTH,F
000214	07F2	ADDWF SYSSTRINGB,F
		SYSSTRINGREADCHECK
000215	08F5	MOVF SYSCALCTEMPA,F
000216	1903	BTFSC STATUS,Z
000217	0008	RETURN
		SYSSTRINGREAD
000218	221E	CALL SYSSTRINGTABLES
000219	0A84	INCF FSR, F
00021A	0080	MOVWF INDF
00021B	0BF5	DECFSZ SYSCALCTEMPA, F
00021C	2A18	GOTO SYSSTRINGREAD
00021D	0008	RETURN


		SYSSTRINGTABLES
00021E	0878	MOVF SYSSTRINGA_H,W
00021F	008A	MOVWF PCLATH
000220	0877	MOVF SYSSTRINGA,W
000221	0AF7	INCF SYSSTRINGA,F
000222	1903	BTFSC STATUS,Z
000223	0AF8	INCF SYSSTRINGA_H,F
000224	0082	MOVWF PCL

		STRINGTABLE1
000225	3411	RETLW 17
000226	3450	RETLW 80
000227	3455	RETLW 85
000228	3454	RETLW 84
000229	3454	RETLW 84
00022A	3449	RETLW 73
00022B	344E	RETLW 78
00022C	3447	RETLW 71
00022D	3420	RETLW 32
00022E	344F	RETLW 79
00022F	3455	RETLW 85
000230	3454	RETLW 84
000231	3420	RETLW 32
000232	3446	RETLW 70
000233	344C	RETLW 76
000234	3441	RETLW 65
000235	344D	RETLW 77
000236	3445	RETLW 69


		STRINGTABLE2
000237	3406	RETLW 6
000238	3475	RETLW 117
000239	3472	RETLW 114
00023A	346D	RETLW 109
00023B	346F	RETLW 111
00023C	346D	RETLW 109
00023D	3433	RETLW 51






