GCASM List File (GCBASIC 0.98.06 2019-06-12 (Windows 32 bit))

Symbols:
A 	EQU 	0
ABDEN 	EQU 	0
ABDOVF 	EQU 	7
ACCESS 	EQU 	0
ACKDT 	EQU 	5
ACKEN 	EQU 	4
ACKSTAT 	EQU 	6
ADCON0 	EQU 	31
ADCON0_GO_DONE 	EQU 	1
ADCON1 	EQU 	159
ADCS0 	EQU 	6
ADCS1 	EQU 	7
ADDEN 	EQU 	3
ADFM 	EQU 	7
ADIE 	EQU 	6
ADIF 	EQU 	6
ADON 	EQU 	0
ADRESH 	EQU 	30
ADRESL 	EQU 	158
ANS0 	EQU 	0
ANS1 	EQU 	1
ANS10 	EQU 	2
ANS11 	EQU 	3
ANS12 	EQU 	4
ANS13 	EQU 	5
ANS2 	EQU 	2
ANS3 	EQU 	3
ANS4 	EQU 	4
ANS5 	EQU 	5
ANS6 	EQU 	6
ANS7 	EQU 	7
ANS8 	EQU 	0
ANS9 	EQU 	1
ANSEL 	EQU 	392
ANSELH 	EQU 	393
B 	EQU 	1
BANKED 	EQU 	1
BASPROGRAMEND 	EQU 	17
BASPROGRAMSTART 	EQU 	5
BAUDCTL 	EQU 	391
BCLIE 	EQU 	3
BCLIF 	EQU 	3
BF 	EQU 	0
BRG0 	EQU 	0
BRG1 	EQU 	1
BRG10 	EQU 	2
BRG11 	EQU 	3
BRG12 	EQU 	4
BRG13 	EQU 	5
BRG14 	EQU 	6
BRG15 	EQU 	7
BRG16 	EQU 	3
BRG2 	EQU 	2
BRG3 	EQU 	3
BRG4 	EQU 	4
BRG5 	EQU 	5
BRG6 	EQU 	6
BRG7 	EQU 	7
BRG8 	EQU 	0
BRG9 	EQU 	1
BRGH 	EQU 	2
C 	EQU 	0
C1CH0 	EQU 	0
C1CH1 	EQU 	1
C1IE 	EQU 	5
C1IF 	EQU 	5
C1OE 	EQU 	5
C1ON 	EQU 	7
C1OUT 	EQU 	6
C1POL 	EQU 	4
C1R 	EQU 	2
C1RSEL 	EQU 	5
C1SEN 	EQU 	5
C2CH0 	EQU 	0
C2CH1 	EQU 	1
C2IE 	EQU 	6
C2IF 	EQU 	6
C2OE 	EQU 	5
C2ON 	EQU 	7
C2OUT 	EQU 	6
C2POL 	EQU 	4
C2R 	EQU 	2
C2REN 	EQU 	4
C2RSEL 	EQU 	4
C2SYNC 	EQU 	0
CCP1CON 	EQU 	23
CCP1IE 	EQU 	2
CCP1IF 	EQU 	2
CCP1M0 	EQU 	0
CCP1M1 	EQU 	1
CCP1M2 	EQU 	2
CCP1M3 	EQU 	3
CCP1X 	EQU 	5
CCP1Y 	EQU 	4
CCP2CON 	EQU 	29
CCP2IE 	EQU 	0
CCP2IF 	EQU 	0
CCP2M0 	EQU 	0
CCP2M1 	EQU 	1
CCP2M2 	EQU 	2
CCP2M3 	EQU 	3
CCP2X 	EQU 	5
CCP2Y 	EQU 	4
CCPR1 	EQU 	21
CCPR1H 	EQU 	22
CCPR1L 	EQU 	21
CCPR2 	EQU 	27
CCPR2H 	EQU 	28
CCPR2L 	EQU 	27
CHS0 	EQU 	2
CHS1 	EQU 	3
CHS2 	EQU 	4
CHS3 	EQU 	5
CKE 	EQU 	6
CKP 	EQU 	4
CLS 	EQU 	19
CM1CON0 	EQU 	263
CM2CON0 	EQU 	264
CM2CON1 	EQU 	265
CREN 	EQU 	4
CSRC 	EQU 	7
D 	EQU 	5
D10US_START 	EQU 	33
DATA_ADDRESS 	EQU 	5
DC 	EQU 	1
DC1B0 	EQU 	4
DC1B1 	EQU 	5
DC2B0 	EQU 	4
DC2B1 	EQU 	5
DELAYTEMP 	EQU 	112
DELAYTEMP2 	EQU 	113
DELAYUS0 	EQU 	35
DELAYUS1 	EQU 	106
DELAYUS2 	EQU 	126
DELAY_10US 	EQU 	33
DELAY_MS 	EQU 	41
DMS_INNER 	EQU 	46
DMS_OUTER 	EQU 	44
DMS_START 	EQU 	42
D_A 	EQU 	5
D_NOT_A 	EQU 	5
ECCPAS 	EQU 	156
ECCPAS0 	EQU 	4
ECCPAS1 	EQU 	5
ECCPAS2 	EQU 	6
ECCPASE 	EQU 	7
EEADR 	EQU 	269
EEADRH 	EQU 	271
EECON1 	EQU 	396
EECON2 	EQU 	397
EEDAT 	EQU 	268
EEDATA 	EQU 	268
EEDATH 	EQU 	270
EEIE 	EQU 	4
EEIF 	EQU 	4
EEPGD 	EQU 	7
ENDIF1 	EQU 	280
ENDIF16 	EQU 	237
ENDIF17 	EQU 	237
ENDIF18 	EQU 	237
ENDIF5 	EQU 	263
F 	EQU 	1
FERR 	EQU 	2
FN_LCDREADY 	EQU 	238
FSR 	EQU 	4
FVREN 	EQU 	0
GCEN 	EQU 	7
GIE 	EQU 	7
GO 	EQU 	1
GO_DONE 	EQU 	1
GO_NOT_DONE 	EQU 	1
HTS 	EQU 	2
I2C_DATA 	EQU 	5
I2C_READ 	EQU 	2
I2C_START 	EQU 	3
I2C_STOP 	EQU 	4
INDF 	EQU 	0
INITLCD 	EQU 	55
INITSYS 	EQU 	141
INTCON 	EQU 	11
INTE 	EQU 	4
INTEDG 	EQU 	6
INTF 	EQU 	1
IOCB 	EQU 	150
IOCB0 	EQU 	0
IOCB1 	EQU 	1
IOCB2 	EQU 	2
IOCB3 	EQU 	3
IOCB4 	EQU 	4
IOCB5 	EQU 	5
IOCB6 	EQU 	6
IOCB7 	EQU 	7
IRCF0 	EQU 	4
IRCF1 	EQU 	5
IRCF2 	EQU 	6
IRP 	EQU 	7
LCDBYTE 	EQU 	32
LCDCOLUMN 	EQU 	33
LCDLINE 	EQU 	34
LCDNORMALWRITEBYTE 	EQU 	170
LCDREADY 	EQU 	35
LCD_STATE 	EQU 	36
LOCATE 	EQU 	271
LTS 	EQU 	1
MC1OUT 	EQU 	7
MC2OUT 	EQU 	6
MSK 	EQU 	147
MSK0 	EQU 	0
MSK1 	EQU 	1
MSK2 	EQU 	2
MSK3 	EQU 	3
MSK4 	EQU 	4
MSK5 	EQU 	5
MSK6 	EQU 	6
MSK7 	EQU 	7
MUL8LOOP 	EQU 	327
NOT_A 	EQU 	5
NOT_ADDRESS 	EQU 	5
NOT_BO 	EQU 	0
NOT_BOR 	EQU 	0
NOT_DONE 	EQU 	1
NOT_PD 	EQU 	3
NOT_POR 	EQU 	1
NOT_RBPU 	EQU 	7
NOT_RC8 	EQU 	6
NOT_T1SYNC 	EQU 	2
NOT_TO 	EQU 	4
NOT_TX8 	EQU 	6
NOT_W 	EQU 	2
NOT_WRITE 	EQU 	2
OERR 	EQU 	1
OPTION_REG 	EQU 	129
OSCCON 	EQU 	143
OSCTUNE 	EQU 	144
OSFIE 	EQU 	7
OSFIF 	EQU 	7
OSTS 	EQU 	3
P 	EQU 	4
P1M0 	EQU 	6
P1M1 	EQU 	7
PCL 	EQU 	2
PCLATH 	EQU 	10
PCON 	EQU 	142
PDC0 	EQU 	0
PDC1 	EQU 	1
PDC2 	EQU 	2
PDC3 	EQU 	3
PDC4 	EQU 	4
PDC5 	EQU 	5
PDC6 	EQU 	6
PEIE 	EQU 	6
PEN 	EQU 	2
PIE1 	EQU 	140
PIE2 	EQU 	141
PIR1 	EQU 	12
PIR2 	EQU 	13
PORTA 	EQU 	5
PORTB 	EQU 	6
PORTC 	EQU 	7
PORTD 	EQU 	8
PORTE 	EQU 	9
PR2 	EQU 	146
PRINT108 	EQU 	295
PRINTLEN 	EQU 	37
PRSEN 	EQU 	7
PS0 	EQU 	0
PS1 	EQU 	1
PS2 	EQU 	2
PSA 	EQU 	3
PSSAC0 	EQU 	2
PSSAC1 	EQU 	3
PSSBD0 	EQU 	0
PSSBD1 	EQU 	1
PSTRCON 	EQU 	157
PULSR 	EQU 	2
PULSS 	EQU 	3
PWM1CON 	EQU 	155
R 	EQU 	2
RA0 	EQU 	0
RA1 	EQU 	1
RA2 	EQU 	2
RA3 	EQU 	3
RA4 	EQU 	4
RA5 	EQU 	5
RA6 	EQU 	6
RA7 	EQU 	7
RB0 	EQU 	0
RB1 	EQU 	1
RB2 	EQU 	2
RB3 	EQU 	3
RB4 	EQU 	4
RB5 	EQU 	5
RB6 	EQU 	6
RB7 	EQU 	7
RBIE 	EQU 	3
RBIF 	EQU 	0
RC0 	EQU 	0
RC1 	EQU 	1
RC2 	EQU 	2
RC3 	EQU 	3
RC4 	EQU 	4
RC5 	EQU 	5
RC6 	EQU 	6
RC7 	EQU 	7
RC8_9 	EQU 	6
RC9 	EQU 	6
RCD8 	EQU 	0
RCEN 	EQU 	3
RCIDL 	EQU 	6
RCIE 	EQU 	5
RCIF 	EQU 	5
RCREG 	EQU 	26
RCSTA 	EQU 	24
RD 	EQU 	0
RD0 	EQU 	0
RD1 	EQU 	1
RD2 	EQU 	2
RD3 	EQU 	3
RD4 	EQU 	4
RD5 	EQU 	5
RD6 	EQU 	6
RD7 	EQU 	7
RE0 	EQU 	0
RE1 	EQU 	1
RE2 	EQU 	2
RE3 	EQU 	3
READ_WRITE 	EQU 	2
RP0 	EQU 	5
RP1 	EQU 	6
RSEN 	EQU 	1
RX9 	EQU 	6
RX9D 	EQU 	0
R_NOT_W 	EQU 	2
R_W 	EQU 	2
S 	EQU 	3
SBOREN 	EQU 	4
SCKP 	EQU 	4
SCS 	EQU 	0
SEN 	EQU 	0
SENDB 	EQU 	3
SMP 	EQU 	7
SPBRG 	EQU 	153
SPBRGH 	EQU 	154
SPEN 	EQU 	7
SR0 	EQU 	6
SR1 	EQU 	7
SRCON 	EQU 	389
SREN 	EQU 	5
SSPADD 	EQU 	147
SSPBUF 	EQU 	19
SSPCON 	EQU 	20
SSPCON2 	EQU 	145
SSPEN 	EQU 	5
SSPIE 	EQU 	3
SSPIF 	EQU 	3
SSPM0 	EQU 	0
SSPM1 	EQU 	1
SSPM2 	EQU 	2
SSPM3 	EQU 	3
SSPMSK 	EQU 	147
SSPMSK_MSK0 	EQU 	0
SSPMSK_MSK1 	EQU 	1
SSPMSK_MSK2 	EQU 	2
SSPMSK_MSK3 	EQU 	3
SSPMSK_MSK4 	EQU 	4
SSPMSK_MSK5 	EQU 	5
SSPMSK_MSK6 	EQU 	6
SSPMSK_MSK7 	EQU 	7
SSPOV 	EQU 	6
SSPSTAT 	EQU 	148
STATUS 	EQU 	3
STRA 	EQU 	0
STRB 	EQU 	1
STRC 	EQU 	2
STRD 	EQU 	3
STRINGPOINTER 	EQU 	38
STRINGTABLE1 	EQU 	373
STRINGTABLE2 	EQU 	385
STRINGTABLE3 	EQU 	399
STRINGTABLE4 	EQU 	413
STRSYNC 	EQU 	4
SWDTEN 	EQU 	0
SYNC 	EQU 	4
SYSBYTETEMPA 	EQU 	117
SYSBYTETEMPB 	EQU 	121
SYSBYTETEMPX 	EQU 	112
SYSCALCTEMPA 	EQU 	117
SYSDOLOOP_E1 	EQU 	16
SYSDOLOOP_S1 	EQU 	10
SYSFORLOOP1 	EQU 	311
SYSFORLOOPEND1 	EQU 	325
SYSLCDTEMP 	EQU 	39
SYSMULTSUB 	EQU 	326
SYSPRINTDATAHANDLER 	EQU 	40
SYSPRINTDATAHANDLER_H 	EQU 	41
SYSPRINTTEMP 	EQU 	42
SYSREADSTRING 	EQU 	338
SYSREADSTRINGPART 	EQU 	348
SYSREPEATLOOP1 	EQU 	100
SYSREPEATLOOPEND1 	EQU 	110
SYSREPEATTEMP1 	EQU 	43
SYSSTRINGA 	EQU 	119
SYSSTRINGA_H 	EQU 	120
SYSSTRINGB 	EQU 	114
SYSSTRINGB_H 	EQU 	115
SYSSTRINGLENGTH 	EQU 	118
SYSSTRINGPARAM1 	EQU 	477
SYSSTRINGREAD 	EQU 	360
SYSSTRINGREADCHECK 	EQU 	357
SYSSTRINGTABLES 	EQU 	366
SYSTEMP1 	EQU 	44
SYSWAITLOOP1 	EQU 	66
SYSWAITLOOP2 	EQU 	170
SYSWAITTEMP10US 	EQU 	117
SYSWAITTEMPMS 	EQU 	114
SYSWAITTEMPMS_H 	EQU 	115
SYSWAITTEMPUS 	EQU 	117
SYSWAITTEMPUS_H 	EQU 	118
T0CS 	EQU 	5
T0IE 	EQU 	5
T0IF 	EQU 	2
T0SE 	EQU 	4
T1CKPS0 	EQU 	4
T1CKPS1 	EQU 	5
T1CON 	EQU 	16
T1GINV 	EQU 	7
T1GIV 	EQU 	7
T1GSS 	EQU 	1
T1INSYNC 	EQU 	2
T1OSCEN 	EQU 	3
T1SYNC 	EQU 	2
T2CKPS0 	EQU 	0
T2CKPS1 	EQU 	1
T2CON 	EQU 	18
TMR0 	EQU 	1
TMR0IE 	EQU 	5
TMR0IF 	EQU 	2
TMR1 	EQU 	14
TMR1CS 	EQU 	1
TMR1GE 	EQU 	6
TMR1H 	EQU 	15
TMR1IE 	EQU 	0
TMR1IF 	EQU 	0
TMR1L 	EQU 	14
TMR1ON 	EQU 	0
TMR2 	EQU 	17
TMR2IE 	EQU 	1
TMR2IF 	EQU 	1
TMR2ON 	EQU 	2
TOUTPS0 	EQU 	3
TOUTPS1 	EQU 	4
TOUTPS2 	EQU 	5
TOUTPS3 	EQU 	6
TRISA 	EQU 	133
TRISA0 	EQU 	0
TRISA1 	EQU 	1
TRISA2 	EQU 	2
TRISA3 	EQU 	3
TRISA4 	EQU 	4
TRISA5 	EQU 	5
TRISA6 	EQU 	6
TRISA7 	EQU 	7
TRISB 	EQU 	134
TRISB0 	EQU 	0
TRISB1 	EQU 	1
TRISB2 	EQU 	2
TRISB3 	EQU 	3
TRISB4 	EQU 	4
TRISB5 	EQU 	5
TRISB6 	EQU 	6
TRISB7 	EQU 	7
TRISC 	EQU 	135
TRISC0 	EQU 	0
TRISC1 	EQU 	1
TRISC2 	EQU 	2
TRISC3 	EQU 	3
TRISC4 	EQU 	4
TRISC5 	EQU 	5
TRISC6 	EQU 	6
TRISC7 	EQU 	7
TRISD 	EQU 	136
TRISD0 	EQU 	0
TRISD1 	EQU 	1
TRISD2 	EQU 	2
TRISD3 	EQU 	3
TRISD4 	EQU 	4
TRISD5 	EQU 	5
TRISD6 	EQU 	6
TRISD7 	EQU 	7
TRISE 	EQU 	137
TRISE0 	EQU 	0
TRISE1 	EQU 	1
TRISE2 	EQU 	2
TRISE3 	EQU 	3
TRMT 	EQU 	1
TUN0 	EQU 	0
TUN1 	EQU 	1
TUN2 	EQU 	2
TUN3 	EQU 	3
TUN4 	EQU 	4
TX8_9 	EQU 	6
TX9 	EQU 	6
TX9D 	EQU 	0
TXD8 	EQU 	0
TXEN 	EQU 	5
TXIE 	EQU 	4
TXIF 	EQU 	4
TXREG 	EQU 	25
TXSTA 	EQU 	152
UA 	EQU 	1
ULPWUE 	EQU 	5
ULPWUIE 	EQU 	2
ULPWUIF 	EQU 	2
URMOM 	EQU 	432
VCFG0 	EQU 	4
VCFG1 	EQU 	5
VR0 	EQU 	0
VR1 	EQU 	1
VR2 	EQU 	2
VR3 	EQU 	3
VRCON 	EQU 	151
VREN 	EQU 	7
VROE 	EQU 	6
VRR 	EQU 	5
VRSS 	EQU 	4
W 	EQU 	0
WCOL 	EQU 	7
WDTCON 	EQU 	261
WDTPS0 	EQU 	1
WDTPS1 	EQU 	2
WDTPS2 	EQU 	3
WDTPS3 	EQU 	4
WPUB 	EQU 	149
WPUB0 	EQU 	0
WPUB1 	EQU 	1
WPUB2 	EQU 	2
WPUB3 	EQU 	3
WPUB4 	EQU 	4
WPUB5 	EQU 	5
WPUB6 	EQU 	6
WPUB7 	EQU 	7
WR 	EQU 	1
WREN 	EQU 	2
WRERR 	EQU 	3
WUE 	EQU 	1
Z 	EQU 	2

Code:
Loc	Obj Code	Original Assembly































000000	118A	PAGESEL BASPROGRAMSTART
000000	118A 120A	PAGESEL BASPROGRAMSTART
000002	2805	GOTO BASPROGRAMSTART

000004	0009	RETFIE



		BASPROGRAMSTART
000005	208D	CALL INITSYS
000006	2037	CALL INITLCD

000000	1683	BANKSEL TRISB
000000	1683 1303	BANKSEL TRISB
000009	1286	BCF TRISB,5
		SYSDOLOOP_S1
000000	1283	BANKSEL PORTB
000000	1283 1303	BANKSEL PORTB
00000C	1686	BSF PORTB,5
00000D	21B0	CALL URMOM
00000E	1286	BCF PORTB,5
00000F	280A	GOTO SYSDOLOOP_S1
		SYSDOLOOP_E1
000010	2811	GOTO BASPROGRAMEND
		BASPROGRAMEND
000011	0063	SLEEP
000012	2811	GOTO BASPROGRAMEND


		CLS
000013	1008	BCF PORTD,0
000014	3001	MOVLW 1
000015	00A0	MOVWF LCDBYTE
000016	20AA	CALL LCDNORMALWRITEBYTE
000017	3004	MOVLW 4
000018	00F2	MOVWF SYSWAITTEMPMS
000019	01F3	CLRF SYSWAITTEMPMS_H
00001A	2029	CALL DELAY_MS
00001B	3080	MOVLW 128
00001C	00A0	MOVWF LCDBYTE
00001D	20AA	CALL LCDNORMALWRITEBYTE
00001E	300C	MOVLW 12
00001F	00F5	MOVWF SYSWAITTEMP10US
000020	2821	GOTO DELAY_10US


		DELAY_10US
		D10US_START
000021	3005	MOVLW 5
000022	00F0	MOVWF DELAYTEMP
		DELAYUS0
000023	0BF0	DECFSZ DELAYTEMP,F
000024	2823	GOTO DELAYUS0
000025	0000	NOP
000026	0BF5	DECFSZ SYSWAITTEMP10US, F
000027	2821	GOTO D10US_START
000028	0008	RETURN


		DELAY_MS
000029	0AF3	INCF SYSWAITTEMPMS_H, F
		DMS_START
00002A	3004	MOVLW 4
00002B	00F1	MOVWF DELAYTEMP2
		DMS_OUTER
00002C	30A5	MOVLW 165
00002D	00F0	MOVWF DELAYTEMP
		DMS_INNER
00002E	0BF0	DECFSZ DELAYTEMP, F
00002F	282E	GOTO DMS_INNER
000030	0BF1	DECFSZ DELAYTEMP2, F
000031	282C	GOTO DMS_OUTER
000032	0BF2	DECFSZ SYSWAITTEMPMS, F
000033	282A	GOTO DMS_START
000034	0BF3	DECFSZ SYSWAITTEMPMS_H, F
000035	282A	GOTO DMS_START
000036	0008	RETURN


		INITLCD
000000	1683	BANKSEL TRISD
000000	1683 1303	BANKSEL TRISD
000039	1008	BCF TRISD,0
00003A	1108	BCF TRISD,2
00003B	1088	BCF TRISD,1
00003C	300A	MOVLW 10
00003D	00F2	MOVWF SYSWAITTEMPMS
00003E	01F3	CLRF SYSWAITTEMPMS_H
000000	1283	BANKSEL STATUS
000000	1283 1303	BANKSEL STATUS
000041	2029	CALL DELAY_MS
		SYSWAITLOOP1
000042	20EE	CALL FN_LCDREADY
000043	08A3	MOVF LCDREADY,F
000044	1903	BTFSC STATUS,Z
000045	2842	GOTO SYSWAITLOOP1
000046	1008	BCF PORTD,0
000000	1683	BANKSEL TRISD
000000	1683 1303	BANKSEL TRISD
000049	1208	BCF TRISD,4
00004A	1288	BCF TRISD,5
00004B	1308	BCF TRISD,6
00004C	1388	BCF TRISD,7
000000	1283	BANKSEL PORTD
000000	1283 1303	BANKSEL PORTD
00004F	1088	BCF PORTD,1
000050	300F	MOVLW 15
000051	00F2	MOVWF SYSWAITTEMPMS
000052	01F3	CLRF SYSWAITTEMPMS_H
000053	2029	CALL DELAY_MS
000054	1608	BSF PORTD,4
000055	1688	BSF PORTD,5
000056	1308	BCF PORTD,6
000057	1388	BCF PORTD,7
000058	2859	GOTO $+1
000059	285A	GOTO $+1
00005A	1508	BSF PORTD,2
00005B	285C	GOTO $+1
00005C	285D	GOTO $+1
00005D	1108	BCF PORTD,2
00005E	3005	MOVLW 5
00005F	00F2	MOVWF SYSWAITTEMPMS
000060	01F3	CLRF SYSWAITTEMPMS_H
000061	2029	CALL DELAY_MS
000062	3003	MOVLW 3
000063	00AB	MOVWF SYSREPEATTEMP1
		SYSREPEATLOOP1
000064	1508	BSF PORTD,2
000065	2866	GOTO $+1
000066	2867	GOTO $+1
000067	1108	BCF PORTD,2
000068	3085	MOVLW 133
000069	00F0	MOVWF DELAYTEMP
		DELAYUS1
00006A	0BF0	DECFSZ DELAYTEMP,F
00006B	286A	GOTO DELAYUS1
00006C	0BAB	DECFSZ SYSREPEATTEMP1,F
00006D	2864	GOTO SYSREPEATLOOP1
		SYSREPEATLOOPEND1
00006E	3005	MOVLW 5
00006F	00F2	MOVWF SYSWAITTEMPMS
000070	01F3	CLRF SYSWAITTEMPMS_H
000071	2029	CALL DELAY_MS
000072	1208	BCF PORTD,4
000073	1688	BSF PORTD,5
000074	1308	BCF PORTD,6
000075	1388	BCF PORTD,7
000076	2877	GOTO $+1
000077	2878	GOTO $+1
000078	1508	BSF PORTD,2
000079	287A	GOTO $+1
00007A	287B	GOTO $+1
00007B	1108	BCF PORTD,2
00007C	3021	MOVLW 33
00007D	00F0	MOVWF DELAYTEMP
		DELAYUS2
00007E	0BF0	DECFSZ DELAYTEMP,F
00007F	287E	GOTO DELAYUS2
000080	3028	MOVLW 40
000081	00A0	MOVWF LCDBYTE
000082	20AA	CALL LCDNORMALWRITEBYTE
000083	3006	MOVLW 6
000084	00A0	MOVWF LCDBYTE
000085	20AA	CALL LCDNORMALWRITEBYTE
000086	300C	MOVLW 12
000087	00A0	MOVWF LCDBYTE
000088	20AA	CALL LCDNORMALWRITEBYTE
000089	2013	CALL CLS
00008A	300C	MOVLW 12
00008B	00A4	MOVWF LCD_STATE
00008C	0008	RETURN


		INITSYS
00008D	3070	MOVLW 112
000000	1683	BANKSEL OSCCON
000000	1683 1303	BANKSEL OSCCON
000090	048F	IORWF OSCCON,F
000091	308F	MOVLW 143
000092	058F	ANDWF OSCCON,F
000093	170F	BSF OSCCON,IRCF2
000094	168F	BSF OSCCON,IRCF1
000095	160F	BSF OSCCON,IRCF0
000096	139F	BCF ADCON1,ADFM
000000	1283	BANKSEL ADCON0
000000	1283 1303	BANKSEL ADCON0
000099	101F	BCF ADCON0,ADON
000000	1683	BANKSEL ANSEL
000000	1683 1703	BANKSEL ANSEL
00009C	0188	CLRF ANSEL
00009D	0189	CLRF ANSELH
000000	1283	BANKSEL CM2CON0
000000	1283 1703	BANKSEL CM2CON0
0000A0	1388	BCF CM2CON0,C2ON
0000A1	1387	BCF CM1CON0,C1ON
000000	1283	BANKSEL PORTA
000000	1283 1303	BANKSEL PORTA
0000A4	0185	CLRF PORTA
0000A5	0186	CLRF PORTB
0000A6	0187	CLRF PORTC
0000A7	0188	CLRF PORTD
0000A8	0189	CLRF PORTE
0000A9	0008	RETURN


		LCDNORMALWRITEBYTE
		SYSWAITLOOP2
0000AA	20EE	CALL FN_LCDREADY
0000AB	08A3	MOVF LCDREADY,F
0000AC	1903	BTFSC STATUS,Z
0000AD	28AA	GOTO SYSWAITLOOP2
0000AE	1088	BCF PORTD,1
000000	1683	BANKSEL TRISD
000000	1683 1303	BANKSEL TRISD
0000B1	1208	BCF TRISD,4
0000B2	1288	BCF TRISD,5
0000B3	1308	BCF TRISD,6
0000B4	1388	BCF TRISD,7
000000	1283	BANKSEL PORTD
000000	1283 1303	BANKSEL PORTD
0000B7	1208	BCF PORTD,4
0000B8	1288	BCF PORTD,5
0000B9	1308	BCF PORTD,6
0000BA	1388	BCF PORTD,7
0000BB	1BA0	BTFSC LCDBYTE,7
0000BC	1788	BSF PORTD,7
0000BD	1B20	BTFSC LCDBYTE,6
0000BE	1708	BSF PORTD,6
0000BF	1AA0	BTFSC LCDBYTE,5
0000C0	1688	BSF PORTD,5
0000C1	1A20	BTFSC LCDBYTE,4
0000C2	1608	BSF PORTD,4
0000C3	28C4	GOTO $+1
0000C4	1508	BSF PORTD,2
0000C5	28C6	GOTO $+1
0000C6	28C7	GOTO $+1
0000C7	1108	BCF PORTD,2
0000C8	28C9	GOTO $+1
0000C9	28CA	GOTO $+1
0000CA	1208	BCF PORTD,4
0000CB	1288	BCF PORTD,5
0000CC	1308	BCF PORTD,6
0000CD	1388	BCF PORTD,7
0000CE	19A0	BTFSC LCDBYTE,3
0000CF	1788	BSF PORTD,7
0000D0	1920	BTFSC LCDBYTE,2
0000D1	1708	BSF PORTD,6
0000D2	18A0	BTFSC LCDBYTE,1
0000D3	1688	BSF PORTD,5
0000D4	1820	BTFSC LCDBYTE,0
0000D5	1608	BSF PORTD,4
0000D6	28D7	GOTO $+1
0000D7	1508	BSF PORTD,2
0000D8	28D9	GOTO $+1
0000D9	28DA	GOTO $+1
0000DA	1108	BCF PORTD,2
0000DB	28DC	GOTO $+1
0000DC	28DD	GOTO $+1
0000DD	1388	BCF PORTD,7
0000DE	1308	BCF PORTD,6
0000DF	1288	BCF PORTD,5
0000E0	1208	BCF PORTD,4
0000E1	1808	BTFSC PORTD,0
0000E2	28ED	GOTO ENDIF16
0000E3	3010	MOVLW 16
0000E4	0220	SUBWF LCDBYTE,W
0000E5	1803	BTFSC STATUS, C
0000E6	28ED	GOTO ENDIF17
0000E7	0820	MOVF LCDBYTE,W
0000E8	3C07	SUBLW 7
0000E9	1803	BTFSC STATUS, C
0000EA	28ED	GOTO ENDIF18
0000EB	0820	MOVF LCDBYTE,W
0000EC	00A4	MOVWF LCD_STATE
		ENDIF18
		ENDIF17
		ENDIF16
0000ED	0008	RETURN


		FN_LCDREADY
0000EE	01A3	CLRF LCDREADY
0000EF	1127	BCF SYSLCDTEMP,2
0000F0	1808	BTFSC PORTD,0
0000F1	1527	BSF SYSLCDTEMP,2
0000F2	1488	BSF PORTD,1
0000F3	3005	MOVLW 5
0000F4	00F5	MOVWF SYSWAITTEMP10US
0000F5	2021	CALL DELAY_10US
0000F6	1008	BCF PORTD,0
0000F7	3005	MOVLW 5
0000F8	00F5	MOVWF SYSWAITTEMP10US
0000F9	2021	CALL DELAY_10US
0000FA	1508	BSF PORTD,2
0000FB	3005	MOVLW 5
0000FC	00F5	MOVWF SYSWAITTEMP10US
0000FD	2021	CALL DELAY_10US
000000	1683	BANKSEL TRISD
000000	1683 1303	BANKSEL TRISD
000100	1788	BSF TRISD,7
000000	1283	BANKSEL PORTD
000000	1283 1303	BANKSEL PORTD
000103	1B88	BTFSC PORTD,7
000104	2907	GOTO ENDIF5
000105	30FF	MOVLW 255
000106	00A3	MOVWF LCDREADY
		ENDIF5
000107	1108	BCF PORTD,2
000108	3019	MOVLW 25
000109	00F5	MOVWF SYSWAITTEMP10US
00010A	2021	CALL DELAY_10US
00010B	1008	BCF PORTD,0
00010C	1927	BTFSC SYSLCDTEMP,2
00010D	1408	BSF PORTD,0
00010E	0008	RETURN


		LOCATE
00010F	1008	BCF PORTD,0
000110	0822	MOVF LCDLINE,W
000111	3C01	SUBLW 1
000112	1803	BTFSC STATUS, C
000113	2918	GOTO ENDIF1
000114	3002	MOVLW 2
000115	02A2	SUBWF LCDLINE,F
000116	3014	MOVLW 20
000117	07A1	ADDWF LCDCOLUMN,F
		ENDIF1
000118	0822	MOVF LCDLINE,W
000119	00F5	MOVWF SYSBYTETEMPA
00011A	3040	MOVLW 64
00011B	00F9	MOVWF SYSBYTETEMPB
00011C	2146	CALL SYSMULTSUB
00011D	0821	MOVF LCDCOLUMN,W
00011E	0770	ADDWF SYSBYTETEMPX,W
00011F	00AC	MOVWF SYSTEMP1
000120	3080	MOVLW 128
000121	042C	IORWF SYSTEMP1,W
000122	00A0	MOVWF LCDBYTE
000123	20AA	CALL LCDNORMALWRITEBYTE
000124	3005	MOVLW 5
000125	00F5	MOVWF SYSWAITTEMP10US
000126	2821	GOTO DELAY_10US


		PRINT108
000127	0828	MOVF SYSPRINTDATAHANDLER,W
000128	0084	MOVWF FSR
000129	1383	BCF STATUS, IRP
00012A	1829	BTFSC SYSPRINTDATAHANDLER_H,0
00012B	1783	BSF STATUS, IRP
00012C	0800	MOVF INDF,W
00012D	00A5	MOVWF PRINTLEN
00012E	08A5	MOVF PRINTLEN,F
00012F	1903	BTFSC STATUS, Z
000130	0008	RETURN
000131	1408	BSF PORTD,0
000132	01AA	CLRF SYSPRINTTEMP
000133	3001	MOVLW 1
000134	0225	SUBWF PRINTLEN,W
000135	1C03	BTFSS STATUS, C
000136	2945	GOTO SYSFORLOOPEND1
		SYSFORLOOP1
000137	0AAA	INCF SYSPRINTTEMP,F
000138	082A	MOVF SYSPRINTTEMP,W
000139	0728	ADDWF SYSPRINTDATAHANDLER,W
00013A	0084	MOVWF FSR
00013B	1383	BCF STATUS, IRP
00013C	1829	BTFSC SYSPRINTDATAHANDLER_H,0
00013D	1783	BSF STATUS, IRP
00013E	0800	MOVF INDF,W
00013F	00A0	MOVWF LCDBYTE
000140	20AA	CALL LCDNORMALWRITEBYTE
000141	0825	MOVF PRINTLEN,W
000142	022A	SUBWF SYSPRINTTEMP,W
000143	1C03	BTFSS STATUS, C
000144	2937	GOTO SYSFORLOOP1
		SYSFORLOOPEND1
000145	0008	RETURN


		SYSMULTSUB
000146	01F0	CLRF SYSBYTETEMPX
		MUL8LOOP
000147	0875	MOVF SYSBYTETEMPA, W
000148	1879	BTFSC SYSBYTETEMPB, 0
000149	07F0	ADDWF SYSBYTETEMPX, F
00014A	1003	BCF STATUS, C
00014B	0CF9	RRF SYSBYTETEMPB, F
00014C	1003	BCF STATUS, C
00014D	0DF5	RLF SYSBYTETEMPA, F
00014E	08F9	MOVF SYSBYTETEMPB, F
00014F	1D03	BTFSS STATUS, Z
000150	2947	GOTO MUL8LOOP
000151	0008	RETURN


		SYSREADSTRING
000152	0872	MOVF SYSSTRINGB, W
000153	0084	MOVWF FSR
000154	1383	BCF STATUS, IRP
000155	1873	BTFSC SYSSTRINGB_H, 0
000156	1783	BSF STATUS, IRP
000157	216E	CALL SYSSTRINGTABLES
000158	00F5	MOVWF SYSCALCTEMPA
000159	0080	MOVWF INDF
00015A	07F2	ADDWF SYSSTRINGB, F
00015B	2965	GOTO SYSSTRINGREADCHECK
		SYSREADSTRINGPART
00015C	0872	MOVF SYSSTRINGB, W
00015D	0084	MOVWF FSR
00015E	1383	BCF STATUS, IRP
00015F	1873	BTFSC SYSSTRINGB_H, 0
000160	1783	BSF STATUS, IRP
000161	216E	CALL SYSSTRINGTABLES
000162	00F5	MOVWF SYSCALCTEMPA
000163	07F6	ADDWF SYSSTRINGLENGTH,F
000164	07F2	ADDWF SYSSTRINGB,F
		SYSSTRINGREADCHECK
000165	08F5	MOVF SYSCALCTEMPA,F
000166	1903	BTFSC STATUS,Z
000167	0008	RETURN
		SYSSTRINGREAD
000168	216E	CALL SYSSTRINGTABLES
000169	0A84	INCF FSR, F
00016A	0080	MOVWF INDF
00016B	0BF5	DECFSZ SYSCALCTEMPA, F
00016C	2968	GOTO SYSSTRINGREAD
00016D	0008	RETURN


		SYSSTRINGTABLES
00016E	0878	MOVF SYSSTRINGA_H,W
00016F	008A	MOVWF PCLATH
000170	0877	MOVF SYSSTRINGA,W
000171	0AF7	INCF SYSSTRINGA,F
000172	1903	BTFSC STATUS,Z
000173	0AF8	INCF SYSSTRINGA_H,F
000174	0082	MOVWF PCL

		STRINGTABLE1
000175	340B	RETLW 11
000176	3427	RETLW 39
000177	344E	RETLW 78
000178	3469	RETLW 105
000179	3463	RETLW 99
00017A	3465	RETLW 101
00017B	3420	RETLW 32
00017C	3463	RETLW 99
00017D	346F	RETLW 111
00017E	3463	RETLW 99
00017F	346B	RETLW 107
000180	3427	RETLW 39


		STRINGTABLE2
000181	340D	RETLW 13
000182	3420	RETLW 32
000183	342D	RETLW 45
000184	3459	RETLW 89
000185	346F	RETLW 111
000186	3475	RETLW 117
000187	3472	RETLW 114
000188	3420	RETLW 32
000189	344D	RETLW 77
00018A	346F	RETLW 111
00018B	3474	RETLW 116
00018C	3468	RETLW 104
00018D	3465	RETLW 101
00018E	3472	RETLW 114


		STRINGTABLE3
00018F	340D	RETLW 13
000190	3444	RETLW 68
000191	3461	RETLW 97
000192	346D	RETLW 109
000193	346E	RETLW 110
000194	3420	RETLW 32
000195	3462	RETLW 98
000196	3472	RETLW 114
000197	346F	RETLW 111
000198	342C	RETLW 44
000199	3420	RETLW 32
00019A	3467	RETLW 103
00019B	346F	RETLW 111
00019C	3474	RETLW 116


		STRINGTABLE4
00019D	3412	RETLW 18
00019E	3465	RETLW 101
00019F	3476	RETLW 118
0001A0	3465	RETLW 101
0001A1	3472	RETLW 114
0001A2	3479	RETLW 121
0001A3	346F	RETLW 111
0001A4	346E	RETLW 110
0001A5	3465	RETLW 101
0001A6	3420	RETLW 32
0001A7	346C	RETLW 108
0001A8	3461	RETLW 97
0001A9	3475	RETLW 117
0001AA	3467	RETLW 103
0001AB	3468	RETLW 104
0001AC	3469	RETLW 105
0001AD	346E	RETLW 110
0001AE	3467	RETLW 103
0001AF	3420	RETLW 32



		URMOM
0001B0	01A2	CLRF LCDLINE
0001B1	01A1	CLRF LCDCOLUMN
0001B2	210F	CALL LOCATE
0001B3	30DD	MOVLW LOW SYSSTRINGPARAM1
0001B4	00F2	MOVWF SYSSTRINGB
0001B5	3001	MOVLW HIGH SYSSTRINGPARAM1
0001B6	00F3	MOVWF SYSSTRINGB_H
0001B7	3075	MOVLW LOW STRINGTABLE1
0001B8	00F7	MOVWF SYSSTRINGA
0001B9	3001	MOVLW HIGH STRINGTABLE1
0001BA	00F8	MOVWF SYSSTRINGA_H
0001BB	2152	CALL SYSREADSTRING
0001BC	30DD	MOVLW LOW SYSSTRINGPARAM1
0001BD	00A8	MOVWF SYSPRINTDATAHANDLER
0001BE	3001	MOVLW HIGH SYSSTRINGPARAM1
0001BF	00A9	MOVWF SYSPRINTDATAHANDLER_H
0001C0	2127	CALL PRINT108
0001C1	3001	MOVLW 1
0001C2	00A2	MOVWF LCDLINE
0001C3	01A1	CLRF LCDCOLUMN
0001C4	210F	CALL LOCATE
0001C5	30DD	MOVLW LOW SYSSTRINGPARAM1
0001C6	00F2	MOVWF SYSSTRINGB
0001C7	3001	MOVLW HIGH SYSSTRINGPARAM1
0001C8	00F3	MOVWF SYSSTRINGB_H
0001C9	3081	MOVLW LOW STRINGTABLE2
0001CA	00F7	MOVWF SYSSTRINGA
0001CB	3001	MOVLW HIGH STRINGTABLE2
0001CC	00F8	MOVWF SYSSTRINGA_H
0001CD	2152	CALL SYSREADSTRING
0001CE	30DD	MOVLW LOW SYSSTRINGPARAM1
0001CF	00A8	MOVWF SYSPRINTDATAHANDLER
0001D0	3001	MOVLW HIGH SYSSTRINGPARAM1
0001D1	00A9	MOVWF SYSPRINTDATAHANDLER_H
0001D2	2127	CALL PRINT108
0001D3	30D0	MOVLW 208
0001D4	00F2	MOVWF SYSWAITTEMPMS
0001D5	3007	MOVLW 7
0001D6	00F3	MOVWF SYSWAITTEMPMS_H
0001D7	2029	CALL DELAY_MS
0001D8	2013	CALL CLS
0001D9	01A2	CLRF LCDLINE
0001DA	01A1	CLRF LCDCOLUMN
0001DB	210F	CALL LOCATE
0001DC	30DD	MOVLW LOW SYSSTRINGPARAM1
0001DD	00F2	MOVWF SYSSTRINGB
0001DE	3001	MOVLW HIGH SYSSTRINGPARAM1
0001DF	00F3	MOVWF SYSSTRINGB_H
0001E0	308F	MOVLW LOW STRINGTABLE3
0001E1	00F7	MOVWF SYSSTRINGA
0001E2	3001	MOVLW HIGH STRINGTABLE3
0001E3	00F8	MOVWF SYSSTRINGA_H
0001E4	2152	CALL SYSREADSTRING
0001E5	30DD	MOVLW LOW SYSSTRINGPARAM1
0001E6	00A8	MOVWF SYSPRINTDATAHANDLER
0001E7	3001	MOVLW HIGH SYSSTRINGPARAM1
0001E8	00A9	MOVWF SYSPRINTDATAHANDLER_H
0001E9	2127	CALL PRINT108
0001EA	3001	MOVLW 1
0001EB	00A2	MOVWF LCDLINE
0001EC	01A1	CLRF LCDCOLUMN
0001ED	210F	CALL LOCATE
0001EE	30DD	MOVLW LOW SYSSTRINGPARAM1
0001EF	00F2	MOVWF SYSSTRINGB
0001F0	3001	MOVLW HIGH SYSSTRINGPARAM1
0001F1	00F3	MOVWF SYSSTRINGB_H
0001F2	309D	MOVLW LOW STRINGTABLE4
0001F3	00F7	MOVWF SYSSTRINGA
0001F4	3001	MOVLW HIGH STRINGTABLE4
0001F5	00F8	MOVWF SYSSTRINGA_H
0001F6	2152	CALL SYSREADSTRING
0001F7	30DD	MOVLW LOW SYSSTRINGPARAM1
0001F8	00A8	MOVWF SYSPRINTDATAHANDLER
0001F9	3001	MOVLW HIGH SYSSTRINGPARAM1
0001FA	00A9	MOVWF SYSPRINTDATAHANDLER_H
0001FB	2127	CALL PRINT108
0001FC	30D0	MOVLW 208
0001FD	00F2	MOVWF SYSWAITTEMPMS
0001FE	3007	MOVLW 7
0001FF	00F3	MOVWF SYSWAITTEMPMS_H
000200	2029	CALL DELAY_MS
000201	2813	GOTO CLS





