GCASM List File (GCBASIC 0.98.06 2019-06-12 (Windows 32 bit))

Symbols:
A 	EQU 	0
ABDEN 	EQU 	0
ABDOVF 	EQU 	7
ACCESS 	EQU 	0
ACKDT 	EQU 	5
ACKEN 	EQU 	4
ACKSTAT 	EQU 	6
ADCON0 	EQU 	31
ADCON0_GO_DONE 	EQU 	1
ADCON1 	EQU 	159
ADCS0 	EQU 	6
ADCS1 	EQU 	7
ADDEN 	EQU 	3
ADFM 	EQU 	7
ADIE 	EQU 	6
ADIF 	EQU 	6
ADON 	EQU 	0
ADREADPORT 	EQU 	32
ADRESH 	EQU 	30
ADRESL 	EQU 	158
ADTEMP 	EQU 	33
ALLANSEL 	EQU 	392
ALLANSEL_H 	EQU 	393
ANS0 	EQU 	0
ANS1 	EQU 	1
ANS10 	EQU 	2
ANS11 	EQU 	3
ANS12 	EQU 	4
ANS13 	EQU 	5
ANS2 	EQU 	2
ANS3 	EQU 	3
ANS4 	EQU 	4
ANS5 	EQU 	5
ANS6 	EQU 	6
ANS7 	EQU 	7
ANS8 	EQU 	0
ANS9 	EQU 	1
ANSEL 	EQU 	392
ANSELH 	EQU 	393
B 	EQU 	1
BANKED 	EQU 	1
BASPROGRAMEND 	EQU 	62
BASPROGRAMSTART 	EQU 	5
BAUDCTL 	EQU 	391
BCLIE 	EQU 	3
BCLIF 	EQU 	3
BF 	EQU 	0
BRG0 	EQU 	0
BRG1 	EQU 	1
BRG10 	EQU 	2
BRG11 	EQU 	3
BRG12 	EQU 	4
BRG13 	EQU 	5
BRG14 	EQU 	6
BRG15 	EQU 	7
BRG16 	EQU 	3
BRG2 	EQU 	2
BRG3 	EQU 	3
BRG4 	EQU 	4
BRG5 	EQU 	5
BRG6 	EQU 	6
BRG7 	EQU 	7
BRG8 	EQU 	0
BRG9 	EQU 	1
BRGH 	EQU 	2
C 	EQU 	0
C1CH0 	EQU 	0
C1CH1 	EQU 	1
C1IE 	EQU 	5
C1IF 	EQU 	5
C1OE 	EQU 	5
C1ON 	EQU 	7
C1OUT 	EQU 	6
C1POL 	EQU 	4
C1R 	EQU 	2
C1RSEL 	EQU 	5
C1SEN 	EQU 	5
C2CH0 	EQU 	0
C2CH1 	EQU 	1
C2IE 	EQU 	6
C2IF 	EQU 	6
C2OE 	EQU 	5
C2ON 	EQU 	7
C2OUT 	EQU 	6
C2POL 	EQU 	4
C2R 	EQU 	2
C2REN 	EQU 	4
C2RSEL 	EQU 	4
C2SYNC 	EQU 	0
CCP1CON 	EQU 	23
CCP1IE 	EQU 	2
CCP1IF 	EQU 	2
CCP1M0 	EQU 	0
CCP1M1 	EQU 	1
CCP1M2 	EQU 	2
CCP1M3 	EQU 	3
CCP1X 	EQU 	5
CCP1Y 	EQU 	4
CCP2CON 	EQU 	29
CCP2IE 	EQU 	0
CCP2IF 	EQU 	0
CCP2M0 	EQU 	0
CCP2M1 	EQU 	1
CCP2M2 	EQU 	2
CCP2M3 	EQU 	3
CCP2X 	EQU 	5
CCP2Y 	EQU 	4
CCPR1 	EQU 	21
CCPR1H 	EQU 	22
CCPR1L 	EQU 	21
CCPR2 	EQU 	27
CCPR2H 	EQU 	28
CCPR2L 	EQU 	27
CHS0 	EQU 	2
CHS1 	EQU 	3
CHS2 	EQU 	4
CHS3 	EQU 	5
CKE 	EQU 	6
CKP 	EQU 	4
CLS 	EQU 	64
CM1CON0 	EQU 	263
CM2CON0 	EQU 	264
CM2CON1 	EQU 	265
CREN 	EQU 	4
CSRC 	EQU 	7
D 	EQU 	5
D10US_START 	EQU 	78
DATA_ADDRESS 	EQU 	5
DC 	EQU 	1
DC1B0 	EQU 	4
DC1B1 	EQU 	5
DC2B0 	EQU 	4
DC2B1 	EQU 	5
DELAYTEMP 	EQU 	112
DELAYTEMP2 	EQU 	113
DELAYUS0 	EQU 	80
DELAYUS1 	EQU 	151
DELAYUS2 	EQU 	171
DELAY_10US 	EQU 	78
DELAY_MS 	EQU 	86
DIV8NOTNEG 	EQU 	505
DMS_INNER 	EQU 	91
DMS_OUTER 	EQU 	89
DMS_START 	EQU 	87
D_A 	EQU 	5
D_NOT_A 	EQU 	5
ECCPAS 	EQU 	156
ECCPAS0 	EQU 	4
ECCPAS1 	EQU 	5
ECCPAS2 	EQU 	6
ECCPASE 	EQU 	7
EEADR 	EQU 	269
EEADRH 	EQU 	271
EECON1 	EQU 	396
EECON2 	EQU 	397
EEDAT 	EQU 	268
EEDATA 	EQU 	268
EEDATH 	EQU 	270
EEIE 	EQU 	4
EEIF 	EQU 	4
EEPGD 	EQU 	7
ENDIF1 	EQU 	55
ENDIF10 	EQU 	390
ENDIF11 	EQU 	420
ENDIF12 	EQU 	308
ENDIF23 	EQU 	282
ENDIF24 	EQU 	282
ENDIF25 	EQU 	282
ENDIF6 	EQU 	325
F 	EQU 	1
FERR 	EQU 	2
FN_LCDREADY 	EQU 	283
FN_READAD2 	EQU 	424
FSR 	EQU 	4
FVREN 	EQU 	0
GCEN 	EQU 	7
GIE 	EQU 	7
GO 	EQU 	1
GO_DONE 	EQU 	1
GO_NOT_DONE 	EQU 	1
HTS 	EQU 	2
I2C_DATA 	EQU 	5
I2C_READ 	EQU 	2
I2C_START 	EQU 	3
I2C_STOP 	EQU 	4
INDF 	EQU 	0
INITLCD 	EQU 	100
INITSYS 	EQU 	186
INTCON 	EQU 	11
INTE 	EQU 	4
INTEDG 	EQU 	6
INTF 	EQU 	1
IOCB 	EQU 	150
IOCB0 	EQU 	0
IOCB1 	EQU 	1
IOCB2 	EQU 	2
IOCB3 	EQU 	3
IOCB4 	EQU 	4
IOCB5 	EQU 	5
IOCB6 	EQU 	6
IOCB7 	EQU 	7
IRCF0 	EQU 	4
IRCF1 	EQU 	5
IRCF2 	EQU 	6
IRP 	EQU 	7
LCDBYTE 	EQU 	34
LCDCOLUMN 	EQU 	35
LCDLINE 	EQU 	36
LCDNORMALWRITEBYTE 	EQU 	215
LCDREADY 	EQU 	37
LCDVALUE 	EQU 	38
LCDVALUETEMP 	EQU 	39
LCD_STATE 	EQU 	40
LOCATE 	EQU 	316
LTS 	EQU 	1
MC1OUT 	EQU 	7
MC2OUT 	EQU 	6
MSK 	EQU 	147
MSK0 	EQU 	0
MSK1 	EQU 	1
MSK2 	EQU 	2
MSK3 	EQU 	3
MSK4 	EQU 	4
MSK5 	EQU 	5
MSK6 	EQU 	6
MSK7 	EQU 	7
MUL8LOOP 	EQU 	509
NOT_A 	EQU 	5
NOT_ADDRESS 	EQU 	5
NOT_BO 	EQU 	0
NOT_BOR 	EQU 	0
NOT_DONE 	EQU 	1
NOT_PD 	EQU 	3
NOT_POR 	EQU 	1
NOT_RBPU 	EQU 	7
NOT_RC8 	EQU 	6
NOT_T1SYNC 	EQU 	2
NOT_TO 	EQU 	4
NOT_TX8 	EQU 	6
NOT_W 	EQU 	2
NOT_WRITE 	EQU 	2
OERR 	EQU 	1
OPTION_REG 	EQU 	129
OSCCON 	EQU 	143
OSCTUNE 	EQU 	144
OSFIE 	EQU 	7
OSFIF 	EQU 	7
OSTS 	EQU 	3
P 	EQU 	4
P1M0 	EQU 	6
P1M1 	EQU 	7
PCL 	EQU 	2
PCLATH 	EQU 	10
PCON 	EQU 	142
PDC0 	EQU 	0
PDC1 	EQU 	1
PDC2 	EQU 	2
PDC3 	EQU 	3
PDC4 	EQU 	4
PDC5 	EQU 	5
PDC6 	EQU 	6
PEIE 	EQU 	6
PEN 	EQU 	2
PIE1 	EQU 	140
PIE2 	EQU 	141
PIR1 	EQU 	12
PIR2 	EQU 	13
PORTA 	EQU 	5
PORTB 	EQU 	6
PORTC 	EQU 	7
PORTD 	EQU 	8
PORTE 	EQU 	9
PR2 	EQU 	146
PRINT107 	EQU 	340
PRINT108 	EQU 	371
PRINTLEN 	EQU 	41
PRSEN 	EQU 	7
PS0 	EQU 	0
PS1 	EQU 	1
PS2 	EQU 	2
PSA 	EQU 	3
PSSAC0 	EQU 	2
PSSAC1 	EQU 	3
PSSBD0 	EQU 	0
PSSBD1 	EQU 	1
PSTRCON 	EQU 	157
PULSR 	EQU 	2
PULSS 	EQU 	3
PWM1CON 	EQU 	155
R 	EQU 	2
RA0 	EQU 	0
RA1 	EQU 	1
RA2 	EQU 	2
RA3 	EQU 	3
RA4 	EQU 	4
RA5 	EQU 	5
RA6 	EQU 	6
RA7 	EQU 	7
RB0 	EQU 	0
RB1 	EQU 	1
RB2 	EQU 	2
RB3 	EQU 	3
RB4 	EQU 	4
RB5 	EQU 	5
RB6 	EQU 	6
RB7 	EQU 	7
RBIE 	EQU 	3
RBIF 	EQU 	0
RC0 	EQU 	0
RC1 	EQU 	1
RC2 	EQU 	2
RC3 	EQU 	3
RC4 	EQU 	4
RC5 	EQU 	5
RC6 	EQU 	6
RC7 	EQU 	7
RC8_9 	EQU 	6
RC9 	EQU 	6
RCD8 	EQU 	0
RCEN 	EQU 	3
RCIDL 	EQU 	6
RCIE 	EQU 	5
RCIF 	EQU 	5
RCREG 	EQU 	26
RCSTA 	EQU 	24
RD 	EQU 	0
RD0 	EQU 	0
RD1 	EQU 	1
RD2 	EQU 	2
RD3 	EQU 	3
RD4 	EQU 	4
RD5 	EQU 	5
RD6 	EQU 	6
RD7 	EQU 	7
RE0 	EQU 	0
RE1 	EQU 	1
RE2 	EQU 	2
RE3 	EQU 	3
READAD 	EQU 	42
READ_WRITE 	EQU 	2
RP0 	EQU 	5
RP1 	EQU 	6
RSEN 	EQU 	1
RX9 	EQU 	6
RX9D 	EQU 	0
R_NOT_W 	EQU 	2
R_W 	EQU 	2
S 	EQU 	3
SBOREN 	EQU 	4
SCKP 	EQU 	4
SCS 	EQU 	0
SEN 	EQU 	0
SENDB 	EQU 	3
SMP 	EQU 	7
SPBRG 	EQU 	153
SPBRGH 	EQU 	154
SPEN 	EQU 	7
SR0 	EQU 	6
SR1 	EQU 	7
SRCON 	EQU 	389
SREN 	EQU 	5
SSPADD 	EQU 	147
SSPBUF 	EQU 	19
SSPCON 	EQU 	20
SSPCON2 	EQU 	145
SSPEN 	EQU 	5
SSPIE 	EQU 	3
SSPIF 	EQU 	3
SSPM0 	EQU 	0
SSPM1 	EQU 	1
SSPM2 	EQU 	2
SSPM3 	EQU 	3
SSPMSK 	EQU 	147
SSPMSK_MSK0 	EQU 	0
SSPMSK_MSK1 	EQU 	1
SSPMSK_MSK2 	EQU 	2
SSPMSK_MSK3 	EQU 	3
SSPMSK_MSK4 	EQU 	4
SSPMSK_MSK5 	EQU 	5
SSPMSK_MSK6 	EQU 	6
SSPMSK_MSK7 	EQU 	7
SSPOV 	EQU 	6
SSPSTAT 	EQU 	148
STATUS 	EQU 	3
STRA 	EQU 	0
STRB 	EQU 	1
STRC 	EQU 	2
STRD 	EQU 	3
STRINGPOINTER 	EQU 	43
STRINGTABLE1 	EQU 	555
STRSYNC 	EQU 	4
SWDTEN 	EQU 	0
SYNC 	EQU 	4
SYSBYTETEMPA 	EQU 	117
SYSBYTETEMPB 	EQU 	121
SYSBYTETEMPX 	EQU 	112
SYSCALCTEMPA 	EQU 	117
SYSCALCTEMPX 	EQU 	112
SYSCOMPLESSTHAN 	EQU 	481
SYSDIV8START 	EQU 	494
SYSDIVLOOP 	EQU 	116
SYSDIVSUB 	EQU 	488
SYSDOLOOP_E1 	EQU 	61
SYSDOLOOP_E2 	EQU 	444
SYSDOLOOP_S1 	EQU 	10
SYSDOLOOP_S2 	EQU 	436
SYSFORLOOP1 	EQU 	356
SYSFORLOOPEND1 	EQU 	370
SYSLCDTEMP 	EQU 	44
SYSMULTSUB 	EQU 	508
SYSPRINTDATAHANDLER 	EQU 	45
SYSPRINTDATAHANDLER_H 	EQU 	46
SYSPRINTTEMP 	EQU 	47
SYSREADADBYTE 	EQU 	42
SYSREADSTRING 	EQU 	520
SYSREADSTRINGPART 	EQU 	530
SYSREPEATLOOP1 	EQU 	145
SYSREPEATLOOPEND1 	EQU 	155
SYSREPEATTEMP1 	EQU 	48
SYSSTRINGA 	EQU 	119
SYSSTRINGA_H 	EQU 	120
SYSSTRINGB 	EQU 	114
SYSSTRINGB_H 	EQU 	115
SYSSTRINGLENGTH 	EQU 	118
SYSSTRINGPARAM1 	EQU 	490
SYSSTRINGREAD 	EQU 	542
SYSSTRINGREADCHECK 	EQU 	539
SYSSTRINGTABLES 	EQU 	548
SYSTEMP1 	EQU 	49
SYSTEMP2 	EQU 	50
SYSWAITLOOP1 	EQU 	464
SYSWAITLOOP2 	EQU 	111
SYSWAITLOOP3 	EQU 	215
SYSWAITTEMP10US 	EQU 	117
SYSWAITTEMPMS 	EQU 	114
SYSWAITTEMPMS_H 	EQU 	115
SYSWAITTEMPUS 	EQU 	117
SYSWAITTEMPUS_H 	EQU 	118
T0CS 	EQU 	5
T0IE 	EQU 	5
T0IF 	EQU 	2
T0SE 	EQU 	4
T1CKPS0 	EQU 	4
T1CKPS1 	EQU 	5
T1CON 	EQU 	16
T1GINV 	EQU 	7
T1GIV 	EQU 	7
T1GSS 	EQU 	1
T1INSYNC 	EQU 	2
T1OSCEN 	EQU 	3
T1SYNC 	EQU 	2
T2CKPS0 	EQU 	0
T2CKPS1 	EQU 	1
T2CON 	EQU 	18
TMR0 	EQU 	1
TMR0IE 	EQU 	5
TMR0IF 	EQU 	2
TMR1 	EQU 	14
TMR1CS 	EQU 	1
TMR1GE 	EQU 	6
TMR1H 	EQU 	15
TMR1IE 	EQU 	0
TMR1IF 	EQU 	0
TMR1L 	EQU 	14
TMR1ON 	EQU 	0
TMR2 	EQU 	17
TMR2IE 	EQU 	1
TMR2IF 	EQU 	1
TMR2ON 	EQU 	2
TOUTPS0 	EQU 	3
TOUTPS1 	EQU 	4
TOUTPS2 	EQU 	5
TOUTPS3 	EQU 	6
TRISA 	EQU 	133
TRISA0 	EQU 	0
TRISA1 	EQU 	1
TRISA2 	EQU 	2
TRISA3 	EQU 	3
TRISA4 	EQU 	4
TRISA5 	EQU 	5
TRISA6 	EQU 	6
TRISA7 	EQU 	7
TRISB 	EQU 	134
TRISB0 	EQU 	0
TRISB1 	EQU 	1
TRISB2 	EQU 	2
TRISB3 	EQU 	3
TRISB4 	EQU 	4
TRISB5 	EQU 	5
TRISB6 	EQU 	6
TRISB7 	EQU 	7
TRISC 	EQU 	135
TRISC0 	EQU 	0
TRISC1 	EQU 	1
TRISC2 	EQU 	2
TRISC3 	EQU 	3
TRISC4 	EQU 	4
TRISC5 	EQU 	5
TRISC6 	EQU 	6
TRISC7 	EQU 	7
TRISD 	EQU 	136
TRISD0 	EQU 	0
TRISD1 	EQU 	1
TRISD2 	EQU 	2
TRISD3 	EQU 	3
TRISD4 	EQU 	4
TRISD5 	EQU 	5
TRISD6 	EQU 	6
TRISD7 	EQU 	7
TRISE 	EQU 	137
TRISE0 	EQU 	0
TRISE1 	EQU 	1
TRISE2 	EQU 	2
TRISE3 	EQU 	3
TRMT 	EQU 	1
TUN0 	EQU 	0
TUN1 	EQU 	1
TUN2 	EQU 	2
TUN3 	EQU 	3
TUN4 	EQU 	4
TX8_9 	EQU 	6
TX9 	EQU 	6
TX9D 	EQU 	0
TXD8 	EQU 	0
TXEN 	EQU 	5
TXIE 	EQU 	4
TXIF 	EQU 	4
TXREG 	EQU 	25
TXSTA 	EQU 	152
UA 	EQU 	1
ULPWUE 	EQU 	5
ULPWUIE 	EQU 	2
ULPWUIF 	EQU 	2
VALUE 	EQU 	51
VALUE2 	EQU 	52
VALUE3 	EQU 	53
VCFG0 	EQU 	4
VCFG1 	EQU 	5
VR0 	EQU 	0
VR1 	EQU 	1
VR2 	EQU 	2
VR3 	EQU 	3
VRCON 	EQU 	151
VREN 	EQU 	7
VROE 	EQU 	6
VRR 	EQU 	5
VRSS 	EQU 	4
W 	EQU 	0
WCOL 	EQU 	7
WDTCON 	EQU 	261
WDTPS0 	EQU 	1
WDTPS1 	EQU 	2
WDTPS2 	EQU 	3
WDTPS3 	EQU 	4
WPUB 	EQU 	149
WPUB0 	EQU 	0
WPUB1 	EQU 	1
WPUB2 	EQU 	2
WPUB3 	EQU 	3
WPUB4 	EQU 	4
WPUB5 	EQU 	5
WPUB6 	EQU 	6
WPUB7 	EQU 	7
WR 	EQU 	1
WREN 	EQU 	2
WRERR 	EQU 	3
WUE 	EQU 	1
Z 	EQU 	2

Code:
Loc	Obj Code	Original Assembly













































000000	118A	PAGESEL BASPROGRAMSTART
000000	118A 120A	PAGESEL BASPROGRAMSTART
000002	2805	GOTO BASPROGRAMSTART

000004	0009	RETFIE



		BASPROGRAMSTART
000005	20BA	CALL INITSYS
000006	2064	CALL INITLCD

000000	1683	BANKSEL TRISB
000000	1683 1303	BANKSEL TRISB
000009	1286	BCF TRISB,5
		SYSDOLOOP_S1
00000A	3003	MOVLW 3
000000	1283	BANKSEL ADREADPORT
000000	1283 1303	BANKSEL ADREADPORT
00000D	00A0	MOVWF ADREADPORT
00000E	21A8	CALL FN_READAD2
00000F	082A	MOVF SYSREADADBYTE,W
000010	00B3	MOVWF VALUE
000011	3002	MOVLW 2
000012	00A0	MOVWF ADREADPORT
000013	21A8	CALL FN_READAD2
000014	082A	MOVF SYSREADADBYTE,W
000015	00B4	MOVWF VALUE2
000016	01A0	CLRF ADREADPORT
000017	21A8	CALL FN_READAD2
000018	082A	MOVF SYSREADADBYTE,W
000019	00B5	MOVWF VALUE3
00001A	2040	CALL CLS
00001B	01A4	CLRF LCDLINE
00001C	01A3	CLRF LCDCOLUMN
00001D	213C	CALL LOCATE
00001E	0835	MOVF VALUE3,W
00001F	00A6	MOVWF LCDVALUE
000020	2173	CALL PRINT108
000021	30C8	MOVLW 200
000022	0235	SUBWF VALUE3,W
000023	1803	BTFSC STATUS, C
000024	2837	GOTO ENDIF1
000025	3001	MOVLW 1
000026	00A4	MOVWF LCDLINE
000027	01A3	CLRF LCDCOLUMN
000028	213C	CALL LOCATE
000029	30EA	MOVLW LOW SYSSTRINGPARAM1
00002A	00F2	MOVWF SYSSTRINGB
00002B	3001	MOVLW HIGH SYSSTRINGPARAM1
00002C	00F3	MOVWF SYSSTRINGB_H
00002D	302B	MOVLW LOW STRINGTABLE1
00002E	00F7	MOVWF SYSSTRINGA
00002F	3002	MOVLW HIGH STRINGTABLE1
000030	00F8	MOVWF SYSSTRINGA_H
000031	2208	CALL SYSREADSTRING
000032	30EA	MOVLW LOW SYSSTRINGPARAM1
000033	00AD	MOVWF SYSPRINTDATAHANDLER
000034	3001	MOVLW HIGH SYSSTRINGPARAM1
000035	00AE	MOVWF SYSPRINTDATAHANDLER_H
000036	2154	CALL PRINT107
		ENDIF1
000037	30F4	MOVLW 244
000038	00F2	MOVWF SYSWAITTEMPMS
000039	3001	MOVLW 1
00003A	00F3	MOVWF SYSWAITTEMPMS_H
00003B	2056	CALL DELAY_MS
00003C	280A	GOTO SYSDOLOOP_S1
		SYSDOLOOP_E1
00003D	283E	GOTO BASPROGRAMEND
		BASPROGRAMEND
00003E	0063	SLEEP
00003F	283E	GOTO BASPROGRAMEND


		CLS
000040	1008	BCF PORTD,0
000041	3001	MOVLW 1
000042	00A2	MOVWF LCDBYTE
000043	20D7	CALL LCDNORMALWRITEBYTE
000044	3004	MOVLW 4
000045	00F2	MOVWF SYSWAITTEMPMS
000046	01F3	CLRF SYSWAITTEMPMS_H
000047	2056	CALL DELAY_MS
000048	3080	MOVLW 128
000049	00A2	MOVWF LCDBYTE
00004A	20D7	CALL LCDNORMALWRITEBYTE
00004B	300C	MOVLW 12
00004C	00F5	MOVWF SYSWAITTEMP10US
00004D	284E	GOTO DELAY_10US


		DELAY_10US
		D10US_START
00004E	3005	MOVLW 5
00004F	00F0	MOVWF DELAYTEMP
		DELAYUS0
000050	0BF0	DECFSZ DELAYTEMP,F
000051	2850	GOTO DELAYUS0
000052	0000	NOP
000053	0BF5	DECFSZ SYSWAITTEMP10US, F
000054	284E	GOTO D10US_START
000055	0008	RETURN


		DELAY_MS
000056	0AF3	INCF SYSWAITTEMPMS_H, F
		DMS_START
000057	3004	MOVLW 4
000058	00F1	MOVWF DELAYTEMP2
		DMS_OUTER
000059	30A5	MOVLW 165
00005A	00F0	MOVWF DELAYTEMP
		DMS_INNER
00005B	0BF0	DECFSZ DELAYTEMP, F
00005C	285B	GOTO DMS_INNER
00005D	0BF1	DECFSZ DELAYTEMP2, F
00005E	2859	GOTO DMS_OUTER
00005F	0BF2	DECFSZ SYSWAITTEMPMS, F
000060	2857	GOTO DMS_START
000061	0BF3	DECFSZ SYSWAITTEMPMS_H, F
000062	2857	GOTO DMS_START
000063	0008	RETURN


		INITLCD
000000	1683	BANKSEL TRISD
000000	1683 1303	BANKSEL TRISD
000066	1008	BCF TRISD,0
000067	1108	BCF TRISD,2
000068	1088	BCF TRISD,1
000069	300A	MOVLW 10
00006A	00F2	MOVWF SYSWAITTEMPMS
00006B	01F3	CLRF SYSWAITTEMPMS_H
000000	1283	BANKSEL STATUS
000000	1283 1303	BANKSEL STATUS
00006E	2056	CALL DELAY_MS
		SYSWAITLOOP2
00006F	211B	CALL FN_LCDREADY
000070	08A5	MOVF LCDREADY,F
000071	1903	BTFSC STATUS,Z
000072	286F	GOTO SYSWAITLOOP2
000073	1008	BCF PORTD,0
000000	1683	BANKSEL TRISD
000000	1683 1303	BANKSEL TRISD
000076	1208	BCF TRISD,4
000077	1288	BCF TRISD,5
000078	1308	BCF TRISD,6
000079	1388	BCF TRISD,7
000000	1283	BANKSEL PORTD
000000	1283 1303	BANKSEL PORTD
00007C	1088	BCF PORTD,1
00007D	300F	MOVLW 15
00007E	00F2	MOVWF SYSWAITTEMPMS
00007F	01F3	CLRF SYSWAITTEMPMS_H
000080	2056	CALL DELAY_MS
000081	1608	BSF PORTD,4
000082	1688	BSF PORTD,5
000083	1308	BCF PORTD,6
000084	1388	BCF PORTD,7
000085	2886	GOTO $+1
000086	2887	GOTO $+1
000087	1508	BSF PORTD,2
000088	2889	GOTO $+1
000089	288A	GOTO $+1
00008A	1108	BCF PORTD,2
00008B	3005	MOVLW 5
00008C	00F2	MOVWF SYSWAITTEMPMS
00008D	01F3	CLRF SYSWAITTEMPMS_H
00008E	2056	CALL DELAY_MS
00008F	3003	MOVLW 3
000090	00B0	MOVWF SYSREPEATTEMP1
		SYSREPEATLOOP1
000091	1508	BSF PORTD,2
000092	2893	GOTO $+1
000093	2894	GOTO $+1
000094	1108	BCF PORTD,2
000095	3085	MOVLW 133
000096	00F0	MOVWF DELAYTEMP
		DELAYUS1
000097	0BF0	DECFSZ DELAYTEMP,F
000098	2897	GOTO DELAYUS1
000099	0BB0	DECFSZ SYSREPEATTEMP1,F
00009A	2891	GOTO SYSREPEATLOOP1
		SYSREPEATLOOPEND1
00009B	3005	MOVLW 5
00009C	00F2	MOVWF SYSWAITTEMPMS
00009D	01F3	CLRF SYSWAITTEMPMS_H
00009E	2056	CALL DELAY_MS
00009F	1208	BCF PORTD,4
0000A0	1688	BSF PORTD,5
0000A1	1308	BCF PORTD,6
0000A2	1388	BCF PORTD,7
0000A3	28A4	GOTO $+1
0000A4	28A5	GOTO $+1
0000A5	1508	BSF PORTD,2
0000A6	28A7	GOTO $+1
0000A7	28A8	GOTO $+1
0000A8	1108	BCF PORTD,2
0000A9	3021	MOVLW 33
0000AA	00F0	MOVWF DELAYTEMP
		DELAYUS2
0000AB	0BF0	DECFSZ DELAYTEMP,F
0000AC	28AB	GOTO DELAYUS2
0000AD	3028	MOVLW 40
0000AE	00A2	MOVWF LCDBYTE
0000AF	20D7	CALL LCDNORMALWRITEBYTE
0000B0	3006	MOVLW 6
0000B1	00A2	MOVWF LCDBYTE
0000B2	20D7	CALL LCDNORMALWRITEBYTE
0000B3	300C	MOVLW 12
0000B4	00A2	MOVWF LCDBYTE
0000B5	20D7	CALL LCDNORMALWRITEBYTE
0000B6	2040	CALL CLS
0000B7	300C	MOVLW 12
0000B8	00A8	MOVWF LCD_STATE
0000B9	0008	RETURN


		INITSYS
0000BA	3070	MOVLW 112
000000	1683	BANKSEL OSCCON
000000	1683 1303	BANKSEL OSCCON
0000BD	048F	IORWF OSCCON,F
0000BE	308F	MOVLW 143
0000BF	058F	ANDWF OSCCON,F
0000C0	170F	BSF OSCCON,IRCF2
0000C1	168F	BSF OSCCON,IRCF1
0000C2	160F	BSF OSCCON,IRCF0
0000C3	139F	BCF ADCON1,ADFM
000000	1283	BANKSEL ADCON0
000000	1283 1303	BANKSEL ADCON0
0000C6	101F	BCF ADCON0,ADON
000000	1683	BANKSEL ANSEL
000000	1683 1703	BANKSEL ANSEL
0000C9	0188	CLRF ANSEL
0000CA	0189	CLRF ANSELH
000000	1283	BANKSEL CM2CON0
000000	1283 1703	BANKSEL CM2CON0
0000CD	1388	BCF CM2CON0,C2ON
0000CE	1387	BCF CM1CON0,C1ON
000000	1283	BANKSEL PORTA
000000	1283 1303	BANKSEL PORTA
0000D1	0185	CLRF PORTA
0000D2	0186	CLRF PORTB
0000D3	0187	CLRF PORTC
0000D4	0188	CLRF PORTD
0000D5	0189	CLRF PORTE
0000D6	0008	RETURN


		LCDNORMALWRITEBYTE
		SYSWAITLOOP3
0000D7	211B	CALL FN_LCDREADY
0000D8	08A5	MOVF LCDREADY,F
0000D9	1903	BTFSC STATUS,Z
0000DA	28D7	GOTO SYSWAITLOOP3
0000DB	1088	BCF PORTD,1
000000	1683	BANKSEL TRISD
000000	1683 1303	BANKSEL TRISD
0000DE	1208	BCF TRISD,4
0000DF	1288	BCF TRISD,5
0000E0	1308	BCF TRISD,6
0000E1	1388	BCF TRISD,7
000000	1283	BANKSEL PORTD
000000	1283 1303	BANKSEL PORTD
0000E4	1208	BCF PORTD,4
0000E5	1288	BCF PORTD,5
0000E6	1308	BCF PORTD,6
0000E7	1388	BCF PORTD,7
0000E8	1BA2	BTFSC LCDBYTE,7
0000E9	1788	BSF PORTD,7
0000EA	1B22	BTFSC LCDBYTE,6
0000EB	1708	BSF PORTD,6
0000EC	1AA2	BTFSC LCDBYTE,5
0000ED	1688	BSF PORTD,5
0000EE	1A22	BTFSC LCDBYTE,4
0000EF	1608	BSF PORTD,4
0000F0	28F1	GOTO $+1
0000F1	1508	BSF PORTD,2
0000F2	28F3	GOTO $+1
0000F3	28F4	GOTO $+1
0000F4	1108	BCF PORTD,2
0000F5	28F6	GOTO $+1
0000F6	28F7	GOTO $+1
0000F7	1208	BCF PORTD,4
0000F8	1288	BCF PORTD,5
0000F9	1308	BCF PORTD,6
0000FA	1388	BCF PORTD,7
0000FB	19A2	BTFSC LCDBYTE,3
0000FC	1788	BSF PORTD,7
0000FD	1922	BTFSC LCDBYTE,2
0000FE	1708	BSF PORTD,6
0000FF	18A2	BTFSC LCDBYTE,1
000100	1688	BSF PORTD,5
000101	1822	BTFSC LCDBYTE,0
000102	1608	BSF PORTD,4
000103	2904	GOTO $+1
000104	1508	BSF PORTD,2
000105	2906	GOTO $+1
000106	2907	GOTO $+1
000107	1108	BCF PORTD,2
000108	2909	GOTO $+1
000109	290A	GOTO $+1
00010A	1388	BCF PORTD,7
00010B	1308	BCF PORTD,6
00010C	1288	BCF PORTD,5
00010D	1208	BCF PORTD,4
00010E	1808	BTFSC PORTD,0
00010F	291A	GOTO ENDIF23
000110	3010	MOVLW 16
000111	0222	SUBWF LCDBYTE,W
000112	1803	BTFSC STATUS, C
000113	291A	GOTO ENDIF24
000114	0822	MOVF LCDBYTE,W
000115	3C07	SUBLW 7
000116	1803	BTFSC STATUS, C
000117	291A	GOTO ENDIF25
000118	0822	MOVF LCDBYTE,W
000119	00A8	MOVWF LCD_STATE
		ENDIF25
		ENDIF24
		ENDIF23
00011A	0008	RETURN


		FN_LCDREADY
00011B	01A5	CLRF LCDREADY
00011C	112C	BCF SYSLCDTEMP,2
00011D	1808	BTFSC PORTD,0
00011E	152C	BSF SYSLCDTEMP,2
00011F	1488	BSF PORTD,1
000120	3005	MOVLW 5
000121	00F5	MOVWF SYSWAITTEMP10US
000122	204E	CALL DELAY_10US
000123	1008	BCF PORTD,0
000124	3005	MOVLW 5
000125	00F5	MOVWF SYSWAITTEMP10US
000126	204E	CALL DELAY_10US
000127	1508	BSF PORTD,2
000128	3005	MOVLW 5
000129	00F5	MOVWF SYSWAITTEMP10US
00012A	204E	CALL DELAY_10US
000000	1683	BANKSEL TRISD
000000	1683 1303	BANKSEL TRISD
00012D	1788	BSF TRISD,7
000000	1283	BANKSEL PORTD
000000	1283 1303	BANKSEL PORTD
000130	1B88	BTFSC PORTD,7
000131	2934	GOTO ENDIF12
000132	30FF	MOVLW 255
000133	00A5	MOVWF LCDREADY
		ENDIF12
000134	1108	BCF PORTD,2
000135	3019	MOVLW 25
000136	00F5	MOVWF SYSWAITTEMP10US
000137	204E	CALL DELAY_10US
000138	1008	BCF PORTD,0
000139	192C	BTFSC SYSLCDTEMP,2
00013A	1408	BSF PORTD,0
00013B	0008	RETURN


		LOCATE
00013C	1008	BCF PORTD,0
00013D	0824	MOVF LCDLINE,W
00013E	3C01	SUBLW 1
00013F	1803	BTFSC STATUS, C
000140	2945	GOTO ENDIF6
000141	3002	MOVLW 2
000142	02A4	SUBWF LCDLINE,F
000143	3014	MOVLW 20
000144	07A3	ADDWF LCDCOLUMN,F
		ENDIF6
000145	0824	MOVF LCDLINE,W
000146	00F5	MOVWF SYSBYTETEMPA
000147	3040	MOVLW 64
000148	00F9	MOVWF SYSBYTETEMPB
000149	21FC	CALL SYSMULTSUB
00014A	0823	MOVF LCDCOLUMN,W
00014B	0770	ADDWF SYSBYTETEMPX,W
00014C	00B1	MOVWF SYSTEMP1
00014D	3080	MOVLW 128
00014E	0431	IORWF SYSTEMP1,W
00014F	00A2	MOVWF LCDBYTE
000150	20D7	CALL LCDNORMALWRITEBYTE
000151	3005	MOVLW 5
000152	00F5	MOVWF SYSWAITTEMP10US
000153	284E	GOTO DELAY_10US


		PRINT107
000154	082D	MOVF SYSPRINTDATAHANDLER,W
000155	0084	MOVWF FSR
000156	1383	BCF STATUS, IRP
000157	182E	BTFSC SYSPRINTDATAHANDLER_H,0
000158	1783	BSF STATUS, IRP
000159	0800	MOVF INDF,W
00015A	00A9	MOVWF PRINTLEN
00015B	08A9	MOVF PRINTLEN,F
00015C	1903	BTFSC STATUS, Z
00015D	0008	RETURN
00015E	1408	BSF PORTD,0
00015F	01AF	CLRF SYSPRINTTEMP
000160	3001	MOVLW 1
000161	0229	SUBWF PRINTLEN,W
000162	1C03	BTFSS STATUS, C
000163	2972	GOTO SYSFORLOOPEND1
		SYSFORLOOP1
000164	0AAF	INCF SYSPRINTTEMP,F
000165	082F	MOVF SYSPRINTTEMP,W
000166	072D	ADDWF SYSPRINTDATAHANDLER,W
000167	0084	MOVWF FSR
000168	1383	BCF STATUS, IRP
000169	182E	BTFSC SYSPRINTDATAHANDLER_H,0
00016A	1783	BSF STATUS, IRP
00016B	0800	MOVF INDF,W
00016C	00A2	MOVWF LCDBYTE
00016D	20D7	CALL LCDNORMALWRITEBYTE
00016E	0829	MOVF PRINTLEN,W
00016F	022F	SUBWF SYSPRINTTEMP,W
000170	1C03	BTFSS STATUS, C
000171	2964	GOTO SYSFORLOOP1
		SYSFORLOOPEND1
000172	0008	RETURN


		PRINT108
000173	01A7	CLRF LCDVALUETEMP
000174	1408	BSF PORTD,0
000175	3064	MOVLW 100
000176	0226	SUBWF LCDVALUE,W
000177	1C03	BTFSS STATUS, C
000178	2986	GOTO ENDIF10
000179	0826	MOVF LCDVALUE,W
00017A	00F5	MOVWF SYSBYTETEMPA
00017B	3064	MOVLW 100
00017C	00F9	MOVWF SYSBYTETEMPB
00017D	21E8	CALL SYSDIVSUB
00017E	0875	MOVF SYSBYTETEMPA,W
00017F	00A7	MOVWF LCDVALUETEMP
000180	0870	MOVF SYSCALCTEMPX,W
000181	00A6	MOVWF LCDVALUE
000182	3030	MOVLW 48
000183	0727	ADDWF LCDVALUETEMP,W
000184	00A2	MOVWF LCDBYTE
000185	20D7	CALL LCDNORMALWRITEBYTE
		ENDIF10
000186	0827	MOVF LCDVALUETEMP,W
000187	00F9	MOVWF SYSBYTETEMPB
000188	01F5	CLRF SYSBYTETEMPA
000189	21E1	CALL SYSCOMPLESSTHAN
00018A	0870	MOVF SYSBYTETEMPX,W
00018B	00B1	MOVWF SYSTEMP1
00018C	0826	MOVF LCDVALUE,W
00018D	00F5	MOVWF SYSBYTETEMPA
00018E	300A	MOVLW 10
00018F	00F9	MOVWF SYSBYTETEMPB
000190	21E1	CALL SYSCOMPLESSTHAN
000191	09F0	COMF SYSBYTETEMPX,F
000192	0831	MOVF SYSTEMP1,W
000193	0470	IORWF SYSBYTETEMPX,W
000194	00B2	MOVWF SYSTEMP2
000195	1C32	BTFSS SYSTEMP2,0
000196	29A4	GOTO ENDIF11
000197	0826	MOVF LCDVALUE,W
000198	00F5	MOVWF SYSBYTETEMPA
000199	300A	MOVLW 10
00019A	00F9	MOVWF SYSBYTETEMPB
00019B	21E8	CALL SYSDIVSUB
00019C	0875	MOVF SYSBYTETEMPA,W
00019D	00A7	MOVWF LCDVALUETEMP
00019E	0870	MOVF SYSCALCTEMPX,W
00019F	00A6	MOVWF LCDVALUE
0001A0	3030	MOVLW 48
0001A1	0727	ADDWF LCDVALUETEMP,W
0001A2	00A2	MOVWF LCDBYTE
0001A3	20D7	CALL LCDNORMALWRITEBYTE
		ENDIF11
0001A4	3030	MOVLW 48
0001A5	0726	ADDWF LCDVALUE,W
0001A6	00A2	MOVWF LCDBYTE
0001A7	28D7	GOTO LCDNORMALWRITEBYTE


		FN_READAD2
000000	1683	BANKSEL ADCON1
000000	1683 1303	BANKSEL ADCON1
0001AA	139F	BCF ADCON1,ADFM
000000	1683	BANKSEL ALLANSEL
000000	1683 1703	BANKSEL ALLANSEL
0001AD	0188	CLRF ALLANSEL
0001AE	0189	CLRF ALLANSEL_H
000000	1283	BANKSEL ADREADPORT
000000	1283 1303	BANKSEL ADREADPORT
0001B1	0A20	INCF ADREADPORT,W
0001B2	00A1	MOVWF ADTEMP
0001B3	1403	BSF STATUS,C
		SYSDOLOOP_S2
000000	1683	BANKSEL ALLANSEL
000000	1683 1703	BANKSEL ALLANSEL
0001B6	0D88	RLF ALLANSEL,F
0001B7	0D89	RLF ALLANSEL_H,F
000000	1283	BANKSEL ADTEMP
000000	1283 1303	BANKSEL ADTEMP
0001BA	0BA1	DECFSZ ADTEMP,F
0001BB	29B4	GOTO SYSDOLOOP_S2
		SYSDOLOOP_E2
0001BC	139F	BCF ADCON0,ADCS1
0001BD	171F	BSF ADCON0,ADCS0
0001BE	111F	BCF ADCON0,CHS0
0001BF	119F	BCF ADCON0,CHS1
0001C0	121F	BCF ADCON0,CHS2
0001C1	129F	BCF ADCON0,CHS3
0001C2	1820	BTFSC ADREADPORT,0
0001C3	151F	BSF ADCON0,CHS0
0001C4	18A0	BTFSC ADREADPORT,1
0001C5	159F	BSF ADCON0,CHS1
0001C6	1920	BTFSC ADREADPORT,2
0001C7	161F	BSF ADCON0,CHS2
0001C8	19A0	BTFSC ADREADPORT,3
0001C9	169F	BSF ADCON0,CHS3
0001CA	141F	BSF ADCON0,ADON
0001CB	3002	MOVLW 2
0001CC	00F5	MOVWF SYSWAITTEMP10US
0001CD	204E	CALL DELAY_10US
0001CE	149F	BSF ADCON0,GO_NOT_DONE
0001CF	0000	NOP
		SYSWAITLOOP1
0001D0	189F	BTFSC ADCON0,GO_NOT_DONE
0001D1	29D0	GOTO SYSWAITLOOP1
0001D2	101F	BCF ADCON0,ADON
000000	1683	BANKSEL ANSEL
000000	1683 1703	BANKSEL ANSEL
0001D5	0188	CLRF ANSEL
0001D6	0189	CLRF ANSELH
000000	1283	BANKSEL ADRESH
000000	1283 1303	BANKSEL ADRESH
0001D9	081E	MOVF ADRESH,W
0001DA	00AA	MOVWF READAD
000000	1683	BANKSEL ADCON1
000000	1683 1303	BANKSEL ADCON1
0001DD	139F	BCF ADCON1,ADFM
000000	1283	BANKSEL STATUS
000000	1283 1303	BANKSEL STATUS
0001E0	0008	RETURN


		SYSCOMPLESSTHAN
0001E1	01F0	CLRF SYSBYTETEMPX
0001E2	1403	BSF STATUS, C
0001E3	0879	MOVF SYSBYTETEMPB, W
0001E4	0275	SUBWF SYSBYTETEMPA, W
0001E5	1C03	BTFSS STATUS, C
0001E6	09F0	COMF SYSBYTETEMPX,F
0001E7	0008	RETURN


		SYSDIVSUB
0001E8	08F9	MOVF SYSBYTETEMPB, F
0001E9	1903	BTFSC STATUS, Z
0001EA	0008	RETURN
0001EB	01F0	CLRF SYSBYTETEMPX
0001EC	3008	MOVLW 8
0001ED	00F4	MOVWF SYSDIVLOOP
		SYSDIV8START
0001EE	1003	BCF STATUS, C
0001EF	0DF5	RLF SYSBYTETEMPA, F
0001F0	0DF0	RLF SYSBYTETEMPX, F
0001F1	0879	MOVF SYSBYTETEMPB, W
0001F2	02F0	SUBWF SYSBYTETEMPX, F
0001F3	1475	BSF SYSBYTETEMPA, 0
0001F4	1803	BTFSC STATUS, C
0001F5	29F9	GOTO DIV8NOTNEG
0001F6	1075	BCF SYSBYTETEMPA, 0
0001F7	0879	MOVF SYSBYTETEMPB, W
0001F8	07F0	ADDWF SYSBYTETEMPX, F
		DIV8NOTNEG
0001F9	0BF4	DECFSZ SYSDIVLOOP, F
0001FA	29EE	GOTO SYSDIV8START
0001FB	0008	RETURN


		SYSMULTSUB
0001FC	01F0	CLRF SYSBYTETEMPX
		MUL8LOOP
0001FD	0875	MOVF SYSBYTETEMPA, W
0001FE	1879	BTFSC SYSBYTETEMPB, 0
0001FF	07F0	ADDWF SYSBYTETEMPX, F
000200	1003	BCF STATUS, C
000201	0CF9	RRF SYSBYTETEMPB, F
000202	1003	BCF STATUS, C
000203	0DF5	RLF SYSBYTETEMPA, F
000204	08F9	MOVF SYSBYTETEMPB, F
000205	1D03	BTFSS STATUS, Z
000206	29FD	GOTO MUL8LOOP
000207	0008	RETURN


		SYSREADSTRING
000208	0872	MOVF SYSSTRINGB, W
000209	0084	MOVWF FSR
00020A	1383	BCF STATUS, IRP
00020B	1873	BTFSC SYSSTRINGB_H, 0
00020C	1783	BSF STATUS, IRP
00020D	2224	CALL SYSSTRINGTABLES
00020E	00F5	MOVWF SYSCALCTEMPA
00020F	0080	MOVWF INDF
000210	07F2	ADDWF SYSSTRINGB, F
000211	2A1B	GOTO SYSSTRINGREADCHECK
		SYSREADSTRINGPART
000212	0872	MOVF SYSSTRINGB, W
000213	0084	MOVWF FSR
000214	1383	BCF STATUS, IRP
000215	1873	BTFSC SYSSTRINGB_H, 0
000216	1783	BSF STATUS, IRP
000217	2224	CALL SYSSTRINGTABLES
000218	00F5	MOVWF SYSCALCTEMPA
000219	07F6	ADDWF SYSSTRINGLENGTH,F
00021A	07F2	ADDWF SYSSTRINGB,F
		SYSSTRINGREADCHECK
00021B	08F5	MOVF SYSCALCTEMPA,F
00021C	1903	BTFSC STATUS,Z
00021D	0008	RETURN
		SYSSTRINGREAD
00021E	2224	CALL SYSSTRINGTABLES
00021F	0A84	INCF FSR, F
000220	0080	MOVWF INDF
000221	0BF5	DECFSZ SYSCALCTEMPA, F
000222	2A1E	GOTO SYSSTRINGREAD
000223	0008	RETURN


		SYSSTRINGTABLES
000224	0878	MOVF SYSSTRINGA_H,W
000225	008A	MOVWF PCLATH
000226	0877	MOVF SYSSTRINGA,W
000227	0AF7	INCF SYSSTRINGA,F
000228	1903	BTFSC STATUS,Z
000229	0AF8	INCF SYSSTRINGA_H,F
00022A	0082	MOVWF PCL

		STRINGTABLE1
00022B	3405	RETLW 5
00022C	3446	RETLW 70
00022D	344C	RETLW 76
00022E	3441	RETLW 65
00022F	344D	RETLW 77
000230	3445	RETLW 69






